86 วเ: cmdExit ฤมฦฎทัภว Threed.SSCommand ลฌทกฝบดย ทฮตๅวั ฤมฦฎทั ลฌทกฝบฐก พฦดีดฯดู.
108 วเ: SSTab1 ฤมฦฎทัภว TabDlg.SSTab ลฌทกฝบดย ทฮตๅวั ฤมฦฎทั ลฌทกฝบฐก พฦดีดฯดู.
148 วเ: grdHold ฤมฦฎทัภว VSFlex7LCtl.VSFlexGrid ลฌทกฝบดย ทฮตๅวั ฤมฦฎทั ลฌทกฝบฐก พฦดีดฯดู.
239 วเ: grdWorkWait ฤมฦฎทัภว VSFlex7LCtl.VSFlexGrid ลฌทกฝบดย ทฮตๅวั ฤมฦฎทั ลฌทกฝบฐก พฦดีดฯดู.
330 วเ: grdProcWait ฤมฦฎทัภว VSFlex7LCtl.VSFlexGrid ลฌทกฝบดย ทฮตๅวั ฤมฦฎทั ลฌทกฝบฐก พฦดีดฯดู.
422 วเ: grdProcWaitDetail ฤมฦฎทัภว VSFlex7LCtl.VSFlexGrid ลฌทกฝบดย ทฮตๅวั ฤมฦฎทั ลฌทกฝบฐก พฦดีดฯดู.
514 วเ: grdStuffIN ฤมฦฎทัภว VSFlex7LCtl.VSFlexGrid ลฌทกฝบดย ทฮตๅวั ฤมฦฎทั ลฌทกฝบฐก พฦดีดฯดู.
606 วเ: grdOrder ฤมฦฎทัภว VSFlex7LCtl.VSFlexGrid ลฌทกฝบดย ทฮตๅวั ฤมฦฎทั ลฌทกฝบฐก พฦดีดฯดู.
707 วเ: pnlCaption ฤมฦฎทัภว Threed.SSPanel ลฌทกฝบดย ทฮตๅวั ฤมฦฎทั ลฌทกฝบฐก พฦดีดฯดู.
731 วเ: pnlName ฤมฦฎทัภว Threed.SSPanel ลฌทกฝบดย ทฮตๅวั ฤมฦฎทั ลฌทกฝบฐก พฦดีดฯดู.
755 วเ: pnlName ฤมฦฎทัภว Threed.SSPanel ลฌทกฝบดย ทฮตๅวั ฤมฦฎทั ลฌทกฝบฐก พฦดีดฯดู.
779 วเ: pnlName ฤมฦฎทัภว Threed.SSPanel ลฌทกฝบดย ทฮตๅวั ฤมฦฎทั ลฌทกฝบฐก พฦดีดฯดู.
803 วเ: pnlName ฤมฦฎทัภว Threed.SSPanel ลฌทกฝบดย ทฮตๅวั ฤมฦฎทั ลฌทกฝบฐก พฦดีดฯดู.
827 วเ: pnlName ฤมฦฎทัภว Threed.SSPanel ลฌทกฝบดย ทฮตๅวั ฤมฦฎทั ลฌทกฝบฐก พฦดีดฯดู.
851 วเ: txtWorkDensity ฤมฦฎทัภว MRPPlus2.WizText ลฌทกฝบดย ทฮตๅวั ฤมฦฎทั ลฌทกฝบฐก พฦดีดฯดู.
870 วเ: txtAcptDate ฤมฦฎทัภว MRPPlus2.WizText ลฌทกฝบดย ทฮตๅวั ฤมฦฎทั ลฌทกฝบฐก พฦดีดฯดู.
890 วเ: txtDvlyDate ฤมฦฎทัภว MRPPlus2.WizText ลฌทกฝบดย ทฮตๅวั ฤมฦฎทั ลฌทกฝบฐก พฦดีดฯดู.
92 วเ: cmdExitภว _ExtentX ผำผบ ภฬธงภฬ ภ฿ธ๘ตวพ๚ฝภดฯดู. 
93 วเ: cmdExitภว _ExtentY ผำผบ ภฬธงภฬ ภ฿ธ๘ตวพ๚ฝภดฯดู. 
94 วเ: cmdExitภว _Version ผำผบ ภฬธงภฬ ภ฿ธ๘ตวพ๚ฝภดฯดู. 
104 วเ: cmdExitภว Caption ผำผบ ภฬธงภฬ ภ฿ธ๘ตวพ๚ฝภดฯดู. 
105 วเ: cmdExitภว PictureAlignment ผำผบ ภฬธงภฬ ภ฿ธ๘ตวพ๚ฝภดฯดู. 
106 วเ: cmdExitภว RoundedCorners ผำผบ ภฬธงภฬ ภ฿ธ๘ตวพ๚ฝภดฯดู. 
114 วเ: SSTab1ภว _ExtentX ผำผบ ภฬธงภฬ ภ฿ธ๘ตวพ๚ฝภดฯดู. 
115 วเ: SSTab1ภว _ExtentY ผำผบ ภฬธงภฬ ภ฿ธ๘ตวพ๚ฝภดฯดู. 
116 วเ: SSTab1ภว _Version ผำผบ ภฬธงภฬ ภ฿ธ๘ตวพ๚ฝภดฯดู. 
117 วเ: SSTab1ภว Tabs ผำผบ ภฬธงภฬ ภ฿ธ๘ตวพ๚ฝภดฯดู. 
118 วเ: SSTab1ภว Tab ผำผบ ภฬธงภฬ ภ฿ธ๘ตวพ๚ฝภดฯดู. 
119 วเ: SSTab1ภว TabsPerRow ผำผบ ภฬธงภฬ ภ฿ธ๘ตวพ๚ฝภดฯดู. 
120 วเ: SSTab1ภว TabHeight ผำผบ ภฬธงภฬ ภ฿ธ๘ตวพ๚ฝภดฯดู. 
121 วเ: SSTab1ภว TabMaxWidth ผำผบ ภฬธงภฬ ภ฿ธ๘ตวพ๚ฝภดฯดู. 
122 วเ: SSTab1ภว TabCaption(0) ผำผบ ภฬธงภฬ ภ฿ธ๘ตวพ๚ฝภดฯดู. 
123 วเ: SSTab1ภว TabPicture(0) ผำผบ ภฬธงภฬ ภ฿ธ๘ตวพ๚ฝภดฯดู. 
124 วเ: SSTab1ภว Tab(0).ControlEnabled ผำผบ ภฬธงภฬ ภ฿ธ๘ตวพ๚ฝภดฯดู. 
125 วเ: SSTab1ภว Tab(0).Control(0) ผำผบ ภฬธงภฬ ภ฿ธ๘ตวพ๚ฝภดฯดู. 
126 วเ: SSTab1ภว Tab(0).Control(0).Enabled ผำผบ ภฬธงภฬ ภ฿ธ๘ตวพ๚ฝภดฯดู. 
127 วเ: SSTab1ภว Tab(0).ControlCount ผำผบ ภฬธงภฬ ภ฿ธ๘ตวพ๚ฝภดฯดู. 
128 วเ: SSTab1ภว TabCaption(1) ผำผบ ภฬธงภฬ ภ฿ธ๘ตวพ๚ฝภดฯดู. 
129 วเ: SSTab1ภว TabPicture(1) ผำผบ ภฬธงภฬ ภ฿ธ๘ตวพ๚ฝภดฯดู. 
130 วเ: SSTab1ภว Tab(1).ControlEnabled ผำผบ ภฬธงภฬ ภ฿ธ๘ตวพ๚ฝภดฯดู. 
131 วเ: SSTab1ภว Tab(1).Control(0) ผำผบ ภฬธงภฬ ภ฿ธ๘ตวพ๚ฝภดฯดู. 
132 วเ: SSTab1ภว Tab(1).Control(0).Enabled ผำผบ ภฬธงภฬ ภ฿ธ๘ตวพ๚ฝภดฯดู. 
133 วเ: SSTab1ภว Tab(1).Control(1) ผำผบ ภฬธงภฬ ภ฿ธ๘ตวพ๚ฝภดฯดู. 
134 วเ: SSTab1ภว Tab(1).Control(1).Enabled ผำผบ ภฬธงภฬ ภ฿ธ๘ตวพ๚ฝภดฯดู. 
135 วเ: SSTab1ภว Tab(1).ControlCount ผำผบ ภฬธงภฬ ภ฿ธ๘ตวพ๚ฝภดฯดู. 
136 วเ: SSTab1ภว TabCaption(2) ผำผบ ภฬธงภฬ ภ฿ธ๘ตวพ๚ฝภดฯดู. 
137 วเ: SSTab1ภว TabPicture(2) ผำผบ ภฬธงภฬ ภ฿ธ๘ตวพ๚ฝภดฯดู. 
138 วเ: SSTab1ภว Tab(2).ControlEnabled ผำผบ ภฬธงภฬ ภ฿ธ๘ตวพ๚ฝภดฯดู. 
139 วเ: SSTab1ภว Tab(2).Control(0) ผำผบ ภฬธงภฬ ภ฿ธ๘ตวพ๚ฝภดฯดู. 
140 วเ: SSTab1ภว Tab(2).Control(0).Enabled ผำผบ ภฬธงภฬ ภ฿ธ๘ตวพ๚ฝภดฯดู. 
141 วเ: SSTab1ภว Tab(2).ControlCount ผำผบ ภฬธงภฬ ภ฿ธ๘ตวพ๚ฝภดฯดู. 
142 วเ: SSTab1ภว TabCaption(3) ผำผบ ภฬธงภฬ ภ฿ธ๘ตวพ๚ฝภดฯดู. 
143 วเ: SSTab1ภว TabPicture(3) ผำผบ ภฬธงภฬ ภ฿ธ๘ตวพ๚ฝภดฯดู. 
144 วเ: SSTab1ภว Tab(3).ControlEnabled ผำผบ ภฬธงภฬ ภ฿ธ๘ตวพ๚ฝภดฯดู. 
145 วเ: SSTab1ภว Tab(3).Control(0) ผำผบ ภฬธงภฬ ภ฿ธ๘ตวพ๚ฝภดฯดู. 
146 วเ: SSTab1ภว Tab(3).Control(0).Enabled ผำผบ ภฬธงภฬ ภ฿ธ๘ตวพ๚ฝภดฯดู. 
147 วเ: SSTab1ภว Tab(3).ControlCount ผำผบ ภฬธงภฬ ภ฿ธ๘ตวพ๚ฝภดฯดู. 
154 วเ: grdHoldภว _cx ผำผบ ภฬธงภฬ ภ฿ธ๘ตวพ๚ฝภดฯดู. 
155 วเ: grdHoldภว _cy ผำผบ ภฬธงภฬ ภ฿ธ๘ตวพ๚ฝภดฯดู. 
156 วเ: grdHoldภว _ConvInfo ผำผบ ภฬธงภฬ ภ฿ธ๘ตวพ๚ฝภดฯดู. 
172 วเ: grdHoldภว BackColorFixed ผำผบ ภฬธงภฬ ภ฿ธ๘ตวพ๚ฝภดฯดู. 
173 วเ: grdHoldภว ForeColorFixed ผำผบ ภฬธงภฬ ภ฿ธ๘ตวพ๚ฝภดฯดู. 
174 วเ: grdHoldภว BackColorSel ผำผบ ภฬธงภฬ ภ฿ธ๘ตวพ๚ฝภดฯดู. 
175 วเ: grdHoldภว ForeColorSel ผำผบ ภฬธงภฬ ภ฿ธ๘ตวพ๚ฝภดฯดู. 
176 วเ: grdHoldภว BackColorBkg ผำผบ ภฬธงภฬ ภ฿ธ๘ตวพ๚ฝภดฯดู. 
177 วเ: grdHoldภว BackColorAlternate ผำผบ ภฬธงภฬ ภ฿ธ๘ตวพ๚ฝภดฯดู. 
178 วเ: grdHoldภว GridColor ผำผบ ภฬธงภฬ ภ฿ธ๘ตวพ๚ฝภดฯดู. 
179 วเ: grdHoldภว GridColorFixed ผำผบ ภฬธงภฬ ภ฿ธ๘ตวพ๚ฝภดฯดู. 
180 วเ: grdHoldภว TreeColor ผำผบ ภฬธงภฬ ภ฿ธ๘ตวพ๚ฝภดฯดู. 
181 วเ: grdHoldภว FloodColor ผำผบ ภฬธงภฬ ภ฿ธ๘ตวพ๚ฝภดฯดู. 
182 วเ: grdHoldภว SheetBorder ผำผบ ภฬธงภฬ ภ฿ธ๘ตวพ๚ฝภดฯดู. 
183 วเ: grdHoldภว FocusRect ผำผบ ภฬธงภฬ ภ฿ธ๘ตวพ๚ฝภดฯดู. 
184 วเ: grdHoldภว HighLight ผำผบ ภฬธงภฬ ภ฿ธ๘ตวพ๚ฝภดฯดู. 
185 วเ: grdHoldภว AllowSelection ผำผบ ภฬธงภฬ ภ฿ธ๘ตวพ๚ฝภดฯดู. 
186 วเ: grdHoldภว AllowBigSelection ผำผบ ภฬธงภฬ ภ฿ธ๘ตวพ๚ฝภดฯดู. 
187 วเ: grdHoldภว AllowUserResizing ผำผบ ภฬธงภฬ ภ฿ธ๘ตวพ๚ฝภดฯดู. 
188 วเ: grdHoldภว SelectionMode ผำผบ ภฬธงภฬ ภ฿ธ๘ตวพ๚ฝภดฯดู. 
189 วเ: grdHoldภว GridLines ผำผบ ภฬธงภฬ ภ฿ธ๘ตวพ๚ฝภดฯดู. 
190 วเ: grdHoldภว GridLinesFixed ผำผบ ภฬธงภฬ ภ฿ธ๘ตวพ๚ฝภดฯดู. 
191 วเ: grdHoldภว GridLineWidth ผำผบ ภฬธงภฬ ภ฿ธ๘ตวพ๚ฝภดฯดู. 
192 วเ: grdHoldภว Rows ผำผบ ภฬธงภฬ ภ฿ธ๘ตวพ๚ฝภดฯดู. 
193 วเ: grdHoldภว Cols ผำผบ ภฬธงภฬ ภ฿ธ๘ตวพ๚ฝภดฯดู. 
194 วเ: grdHoldภว FixedRows ผำผบ ภฬธงภฬ ภ฿ธ๘ตวพ๚ฝภดฯดู. 
195 วเ: grdHoldภว FixedCols ผำผบ ภฬธงภฬ ภ฿ธ๘ตวพ๚ฝภดฯดู. 
196 วเ: grdHoldภว RowHeightMin ผำผบ ภฬธงภฬ ภ฿ธ๘ตวพ๚ฝภดฯดู. 
197 วเ: grdHoldภว RowHeightMax ผำผบ ภฬธงภฬ ภ฿ธ๘ตวพ๚ฝภดฯดู. 
198 วเ: grdHoldภว ColWidthMin ผำผบ ภฬธงภฬ ภ฿ธ๘ตวพ๚ฝภดฯดู. 
199 วเ: grdHoldภว ColWidthMax ผำผบ ภฬธงภฬ ภ฿ธ๘ตวพ๚ฝภดฯดู. 
200 วเ: grdHoldภว ExtendLastCol ผำผบ ภฬธงภฬ ภ฿ธ๘ตวพ๚ฝภดฯดู. 
201 วเ: grdHoldภว FormatString ผำผบ ภฬธงภฬ ภ฿ธ๘ตวพ๚ฝภดฯดู. 
202 วเ: grdHoldภว ScrollTrack ผำผบ ภฬธงภฬ ภ฿ธ๘ตวพ๚ฝภดฯดู. 
203 วเ: grdHoldภว ScrollBars ผำผบ ภฬธงภฬ ภ฿ธ๘ตวพ๚ฝภดฯดู. 
204 วเ: grdHoldภว ScrollTips ผำผบ ภฬธงภฬ ภ฿ธ๘ตวพ๚ฝภดฯดู. 
205 วเ: grdHoldภว MergeCells ผำผบ ภฬธงภฬ ภ฿ธ๘ตวพ๚ฝภดฯดู. 
206 วเ: grdHoldภว MergeCompare ผำผบ ภฬธงภฬ ภ฿ธ๘ตวพ๚ฝภดฯดู. 
207 วเ: grdHoldภว AutoResize ผำผบ ภฬธงภฬ ภ฿ธ๘ตวพ๚ฝภดฯดู. 
208 วเ: grdHoldภว AutoSizeMode ผำผบ ภฬธงภฬ ภ฿ธ๘ตวพ๚ฝภดฯดู. 
209 วเ: grdHoldภว AutoSearch ผำผบ ภฬธงภฬ ภ฿ธ๘ตวพ๚ฝภดฯดู. 
210 วเ: grdHoldภว AutoSearchDelay ผำผบ ภฬธงภฬ ภ฿ธ๘ตวพ๚ฝภดฯดู. 
211 วเ: grdHoldภว MultiTotals ผำผบ ภฬธงภฬ ภ฿ธ๘ตวพ๚ฝภดฯดู. 
212 วเ: grdHoldภว SubtotalPosition ผำผบ ภฬธงภฬ ภ฿ธ๘ตวพ๚ฝภดฯดู. 
213 วเ: grdHoldภว OutlineBar ผำผบ ภฬธงภฬ ภ฿ธ๘ตวพ๚ฝภดฯดู. 
214 วเ: grdHoldภว OutlineCol ผำผบ ภฬธงภฬ ภ฿ธ๘ตวพ๚ฝภดฯดู. 
215 วเ: grdHoldภว Ellipsis ผำผบ ภฬธงภฬ ภ฿ธ๘ตวพ๚ฝภดฯดู. 
216 วเ: grdHoldภว ExplorerBar ผำผบ ภฬธงภฬ ภ฿ธ๘ตวพ๚ฝภดฯดู. 
217 วเ: grdHoldภว PicturesOver ผำผบ ภฬธงภฬ ภ฿ธ๘ตวพ๚ฝภดฯดู. 
220 วเ: grdHoldภว PictureType ผำผบ ภฬธงภฬ ภ฿ธ๘ตวพ๚ฝภดฯดู. 
221 วเ: grdHoldภว TabBehavior ผำผบ ภฬธงภฬ ภ฿ธ๘ตวพ๚ฝภดฯดู. 
222 วเ: grdHoldภว OwnerDraw ผำผบ ภฬธงภฬ ภ฿ธ๘ตวพ๚ฝภดฯดู. 
223 วเ: grdHoldภว Editable ผำผบ ภฬธงภฬ ภ฿ธ๘ตวพ๚ฝภดฯดู. 
224 วเ: grdHoldภว ShowComboButton ผำผบ ภฬธงภฬ ภ฿ธ๘ตวพ๚ฝภดฯดู. 
225 วเ: grdHoldภว WordWrap ผำผบ ภฬธงภฬ ภ฿ธ๘ตวพ๚ฝภดฯดู. 
226 วเ: grdHoldภว TextStyle ผำผบ ภฬธงภฬ ภ฿ธ๘ตวพ๚ฝภดฯดู. 
227 วเ: grdHoldภว TextStyleFixed ผำผบ ภฬธงภฬ ภ฿ธ๘ตวพ๚ฝภดฯดู. 
230 วเ: grdHoldภว ComboSearch ผำผบ ภฬธงภฬ ภ฿ธ๘ตวพ๚ฝภดฯดู. 
231 วเ: grdHoldภว AutoSizeMouse ผำผบ ภฬธงภฬ ภ฿ธ๘ตวพ๚ฝภดฯดู. 
232 วเ: grdHoldภว FrozenRows ผำผบ ภฬธงภฬ ภ฿ธ๘ตวพ๚ฝภดฯดู. 
233 วเ: grdHoldภว FrozenCols ผำผบ ภฬธงภฬ ภ฿ธ๘ตวพ๚ฝภดฯดู. 
234 วเ: grdHoldภว AllowUserFreezing ผำผบ ภฬธงภฬ ภ฿ธ๘ตวพ๚ฝภดฯดู. 
235 วเ: grdHoldภว BackColorFrozen ผำผบ ภฬธงภฬ ภ฿ธ๘ตวพ๚ฝภดฯดู. 
236 วเ: grdHoldภว ForeColorFrozen ผำผบ ภฬธงภฬ ภ฿ธ๘ตวพ๚ฝภดฯดู. 
237 วเ: grdHoldภว WallPaperAlignment ผำผบ ภฬธงภฬ ภ฿ธ๘ตวพ๚ฝภดฯดู. 
245 วเ: grdWorkWaitภว _cx ผำผบ ภฬธงภฬ ภ฿ธ๘ตวพ๚ฝภดฯดู. 
246 วเ: grdWorkWaitภว _cy ผำผบ ภฬธงภฬ ภ฿ธ๘ตวพ๚ฝภดฯดู. 
247 วเ: grdWorkWaitภว _ConvInfo ผำผบ ภฬธงภฬ ภ฿ธ๘ตวพ๚ฝภดฯดู. 
263 วเ: grdWorkWaitภว BackColorFixed ผำผบ ภฬธงภฬ ภ฿ธ๘ตวพ๚ฝภดฯดู. 
264 วเ: grdWorkWaitภว ForeColorFixed ผำผบ ภฬธงภฬ ภ฿ธ๘ตวพ๚ฝภดฯดู. 
265 วเ: grdWorkWaitภว BackColorSel ผำผบ ภฬธงภฬ ภ฿ธ๘ตวพ๚ฝภดฯดู. 
266 วเ: grdWorkWaitภว ForeColorSel ผำผบ ภฬธงภฬ ภ฿ธ๘ตวพ๚ฝภดฯดู. 
267 วเ: grdWorkWaitภว BackColorBkg ผำผบ ภฬธงภฬ ภ฿ธ๘ตวพ๚ฝภดฯดู. 
268 วเ: grdWorkWaitภว BackColorAlternate ผำผบ ภฬธงภฬ ภ฿ธ๘ตวพ๚ฝภดฯดู. 
269 วเ: grdWorkWaitภว GridColor ผำผบ ภฬธงภฬ ภ฿ธ๘ตวพ๚ฝภดฯดู. 
270 วเ: grdWorkWaitภว GridColorFixed ผำผบ ภฬธงภฬ ภ฿ธ๘ตวพ๚ฝภดฯดู. 
271 วเ: grdWorkWaitภว TreeColor ผำผบ ภฬธงภฬ ภ฿ธ๘ตวพ๚ฝภดฯดู. 
272 วเ: grdWorkWaitภว FloodColor ผำผบ ภฬธงภฬ ภ฿ธ๘ตวพ๚ฝภดฯดู. 
273 วเ: grdWorkWaitภว SheetBorder ผำผบ ภฬธงภฬ ภ฿ธ๘ตวพ๚ฝภดฯดู. 
274 วเ: grdWorkWaitภว FocusRect ผำผบ ภฬธงภฬ ภ฿ธ๘ตวพ๚ฝภดฯดู. 
275 วเ: grdWorkWaitภว HighLight ผำผบ ภฬธงภฬ ภ฿ธ๘ตวพ๚ฝภดฯดู. 
276 วเ: grdWorkWaitภว AllowSelection ผำผบ ภฬธงภฬ ภ฿ธ๘ตวพ๚ฝภดฯดู. 
277 วเ: grdWorkWaitภว AllowBigSelection ผำผบ ภฬธงภฬ ภ฿ธ๘ตวพ๚ฝภดฯดู. 
278 วเ: grdWorkWaitภว AllowUserResizing ผำผบ ภฬธงภฬ ภ฿ธ๘ตวพ๚ฝภดฯดู. 
279 วเ: grdWorkWaitภว SelectionMode ผำผบ ภฬธงภฬ ภ฿ธ๘ตวพ๚ฝภดฯดู. 
280 วเ: grdWorkWaitภว GridLines ผำผบ ภฬธงภฬ ภ฿ธ๘ตวพ๚ฝภดฯดู. 
281 วเ: grdWorkWaitภว GridLinesFixed ผำผบ ภฬธงภฬ ภ฿ธ๘ตวพ๚ฝภดฯดู. 
282 วเ: grdWorkWaitภว GridLineWidth ผำผบ ภฬธงภฬ ภ฿ธ๘ตวพ๚ฝภดฯดู. 
283 วเ: grdWorkWaitภว Rows ผำผบ ภฬธงภฬ ภ฿ธ๘ตวพ๚ฝภดฯดู. 
284 วเ: grdWorkWaitภว Cols ผำผบ ภฬธงภฬ ภ฿ธ๘ตวพ๚ฝภดฯดู. 
285 วเ: grdWorkWaitภว FixedRows ผำผบ ภฬธงภฬ ภ฿ธ๘ตวพ๚ฝภดฯดู. 
286 วเ: grdWorkWaitภว FixedCols ผำผบ ภฬธงภฬ ภ฿ธ๘ตวพ๚ฝภดฯดู. 
287 วเ: grdWorkWaitภว RowHeightMin ผำผบ ภฬธงภฬ ภ฿ธ๘ตวพ๚ฝภดฯดู. 
288 วเ: grdWorkWaitภว RowHeightMax ผำผบ ภฬธงภฬ ภ฿ธ๘ตวพ๚ฝภดฯดู. 
289 วเ: grdWorkWaitภว ColWidthMin ผำผบ ภฬธงภฬ ภ฿ธ๘ตวพ๚ฝภดฯดู. 
290 วเ: grdWorkWaitภว ColWidthMax ผำผบ ภฬธงภฬ ภ฿ธ๘ตวพ๚ฝภดฯดู. 
291 วเ: grdWorkWaitภว ExtendLastCol ผำผบ ภฬธงภฬ ภ฿ธ๘ตวพ๚ฝภดฯดู. 
292 วเ: grdWorkWaitภว FormatString ผำผบ ภฬธงภฬ ภ฿ธ๘ตวพ๚ฝภดฯดู. 
293 วเ: grdWorkWaitภว ScrollTrack ผำผบ ภฬธงภฬ ภ฿ธ๘ตวพ๚ฝภดฯดู. 
294 วเ: grdWorkWaitภว ScrollBars ผำผบ ภฬธงภฬ ภ฿ธ๘ตวพ๚ฝภดฯดู. 
295 วเ: grdWorkWaitภว ScrollTips ผำผบ ภฬธงภฬ ภ฿ธ๘ตวพ๚ฝภดฯดู. 
296 วเ: grdWorkWaitภว MergeCells ผำผบ ภฬธงภฬ ภ฿ธ๘ตวพ๚ฝภดฯดู. 
297 วเ: grdWorkWaitภว MergeCompare ผำผบ ภฬธงภฬ ภ฿ธ๘ตวพ๚ฝภดฯดู. 
298 วเ: grdWorkWaitภว AutoResize ผำผบ ภฬธงภฬ ภ฿ธ๘ตวพ๚ฝภดฯดู. 
299 วเ: grdWorkWaitภว AutoSizeMode ผำผบ ภฬธงภฬ ภ฿ธ๘ตวพ๚ฝภดฯดู. 
300 วเ: grdWorkWaitภว AutoSearch ผำผบ ภฬธงภฬ ภ฿ธ๘ตวพ๚ฝภดฯดู. 
301 วเ: grdWorkWaitภว AutoSearchDelay ผำผบ ภฬธงภฬ ภ฿ธ๘ตวพ๚ฝภดฯดู. 
302 วเ: grdWorkWaitภว MultiTotals ผำผบ ภฬธงภฬ ภ฿ธ๘ตวพ๚ฝภดฯดู. 
303 วเ: grdWorkWaitภว SubtotalPosition ผำผบ ภฬธงภฬ ภ฿ธ๘ตวพ๚ฝภดฯดู. 
304 วเ: grdWorkWaitภว OutlineBar ผำผบ ภฬธงภฬ ภ฿ธ๘ตวพ๚ฝภดฯดู. 
305 วเ: grdWorkWaitภว OutlineCol ผำผบ ภฬธงภฬ ภ฿ธ๘ตวพ๚ฝภดฯดู. 
306 วเ: grdWorkWaitภว Ellipsis ผำผบ ภฬธงภฬ ภ฿ธ๘ตวพ๚ฝภดฯดู. 
307 วเ: grdWorkWaitภว ExplorerBar ผำผบ ภฬธงภฬ ภ฿ธ๘ตวพ๚ฝภดฯดู. 
308 วเ: grdWorkWaitภว PicturesOver ผำผบ ภฬธงภฬ ภ฿ธ๘ตวพ๚ฝภดฯดู. 
311 วเ: grdWorkWaitภว PictureType ผำผบ ภฬธงภฬ ภ฿ธ๘ตวพ๚ฝภดฯดู. 
312 วเ: grdWorkWaitภว TabBehavior ผำผบ ภฬธงภฬ ภ฿ธ๘ตวพ๚ฝภดฯดู. 
313 วเ: grdWorkWaitภว OwnerDraw ผำผบ ภฬธงภฬ ภ฿ธ๘ตวพ๚ฝภดฯดู. 
314 วเ: grdWorkWaitภว Editable ผำผบ ภฬธงภฬ ภ฿ธ๘ตวพ๚ฝภดฯดู. 
315 วเ: grdWorkWaitภว ShowComboButton ผำผบ ภฬธงภฬ ภ฿ธ๘ตวพ๚ฝภดฯดู. 
316 วเ: grdWorkWaitภว WordWrap ผำผบ ภฬธงภฬ ภ฿ธ๘ตวพ๚ฝภดฯดู. 
317 วเ: grdWorkWaitภว TextStyle ผำผบ ภฬธงภฬ ภ฿ธ๘ตวพ๚ฝภดฯดู. 
318 วเ: grdWorkWaitภว TextStyleFixed ผำผบ ภฬธงภฬ ภ฿ธ๘ตวพ๚ฝภดฯดู. 
321 วเ: grdWorkWaitภว ComboSearch ผำผบ ภฬธงภฬ ภ฿ธ๘ตวพ๚ฝภดฯดู. 
322 วเ: grdWorkWaitภว AutoSizeMouse ผำผบ ภฬธงภฬ ภ฿ธ๘ตวพ๚ฝภดฯดู. 
323 วเ: grdWorkWaitภว FrozenRows ผำผบ ภฬธงภฬ ภ฿ธ๘ตวพ๚ฝภดฯดู. 
324 วเ: grdWorkWaitภว FrozenCols ผำผบ ภฬธงภฬ ภ฿ธ๘ตวพ๚ฝภดฯดู. 
325 วเ: grdWorkWaitภว AllowUserFreezing ผำผบ ภฬธงภฬ ภ฿ธ๘ตวพ๚ฝภดฯดู. 
326 วเ: grdWorkWaitภว BackColorFrozen ผำผบ ภฬธงภฬ ภ฿ธ๘ตวพ๚ฝภดฯดู. 
327 วเ: grdWorkWaitภว ForeColorFrozen ผำผบ ภฬธงภฬ ภ฿ธ๘ตวพ๚ฝภดฯดู. 
328 วเ: grdWorkWaitภว WallPaperAlignment ผำผบ ภฬธงภฬ ภ฿ธ๘ตวพ๚ฝภดฯดู. 
337 วเ: grdProcWaitภว _cx ผำผบ ภฬธงภฬ ภ฿ธ๘ตวพ๚ฝภดฯดู. 
338 วเ: grdProcWaitภว _cy ผำผบ ภฬธงภฬ ภ฿ธ๘ตวพ๚ฝภดฯดู. 
339 วเ: grdProcWaitภว _ConvInfo ผำผบ ภฬธงภฬ ภ฿ธ๘ตวพ๚ฝภดฯดู. 
355 วเ: grdProcWaitภว BackColorFixed ผำผบ ภฬธงภฬ ภ฿ธ๘ตวพ๚ฝภดฯดู. 
356 วเ: grdProcWaitภว ForeColorFixed ผำผบ ภฬธงภฬ ภ฿ธ๘ตวพ๚ฝภดฯดู. 
357 วเ: grdProcWaitภว BackColorSel ผำผบ ภฬธงภฬ ภ฿ธ๘ตวพ๚ฝภดฯดู. 
358 วเ: grdProcWaitภว ForeColorSel ผำผบ ภฬธงภฬ ภ฿ธ๘ตวพ๚ฝภดฯดู. 
359 วเ: grdProcWaitภว BackColorBkg ผำผบ ภฬธงภฬ ภ฿ธ๘ตวพ๚ฝภดฯดู. 
360 วเ: grdProcWaitภว BackColorAlternate ผำผบ ภฬธงภฬ ภ฿ธ๘ตวพ๚ฝภดฯดู. 
361 วเ: grdProcWaitภว GridColor ผำผบ ภฬธงภฬ ภ฿ธ๘ตวพ๚ฝภดฯดู. 
362 วเ: grdProcWaitภว GridColorFixed ผำผบ ภฬธงภฬ ภ฿ธ๘ตวพ๚ฝภดฯดู. 
363 วเ: grdProcWaitภว TreeColor ผำผบ ภฬธงภฬ ภ฿ธ๘ตวพ๚ฝภดฯดู. 
364 วเ: grdProcWaitภว FloodColor ผำผบ ภฬธงภฬ ภ฿ธ๘ตวพ๚ฝภดฯดู. 
365 วเ: grdProcWaitภว SheetBorder ผำผบ ภฬธงภฬ ภ฿ธ๘ตวพ๚ฝภดฯดู. 
366 วเ: grdProcWaitภว FocusRect ผำผบ ภฬธงภฬ ภ฿ธ๘ตวพ๚ฝภดฯดู. 
367 วเ: grdProcWaitภว HighLight ผำผบ ภฬธงภฬ ภ฿ธ๘ตวพ๚ฝภดฯดู. 
368 วเ: grdProcWaitภว AllowSelection ผำผบ ภฬธงภฬ ภ฿ธ๘ตวพ๚ฝภดฯดู. 
369 วเ: grdProcWaitภว AllowBigSelection ผำผบ ภฬธงภฬ ภ฿ธ๘ตวพ๚ฝภดฯดู. 
370 วเ: grdProcWaitภว AllowUserResizing ผำผบ ภฬธงภฬ ภ฿ธ๘ตวพ๚ฝภดฯดู. 
371 วเ: grdProcWaitภว SelectionMode ผำผบ ภฬธงภฬ ภ฿ธ๘ตวพ๚ฝภดฯดู. 
372 วเ: grdProcWaitภว GridLines ผำผบ ภฬธงภฬ ภ฿ธ๘ตวพ๚ฝภดฯดู. 
373 วเ: grdProcWaitภว GridLinesFixed ผำผบ ภฬธงภฬ ภ฿ธ๘ตวพ๚ฝภดฯดู. 
374 วเ: grdProcWaitภว GridLineWidth ผำผบ ภฬธงภฬ ภ฿ธ๘ตวพ๚ฝภดฯดู. 
375 วเ: grdProcWaitภว Rows ผำผบ ภฬธงภฬ ภ฿ธ๘ตวพ๚ฝภดฯดู. 
376 วเ: grdProcWaitภว Cols ผำผบ ภฬธงภฬ ภ฿ธ๘ตวพ๚ฝภดฯดู. 
377 วเ: grdProcWaitภว FixedRows ผำผบ ภฬธงภฬ ภ฿ธ๘ตวพ๚ฝภดฯดู. 
378 วเ: grdProcWaitภว FixedCols ผำผบ ภฬธงภฬ ภ฿ธ๘ตวพ๚ฝภดฯดู. 
379 วเ: grdProcWaitภว RowHeightMin ผำผบ ภฬธงภฬ ภ฿ธ๘ตวพ๚ฝภดฯดู. 
380 วเ: grdProcWaitภว RowHeightMax ผำผบ ภฬธงภฬ ภ฿ธ๘ตวพ๚ฝภดฯดู. 
381 วเ: grdProcWaitภว ColWidthMin ผำผบ ภฬธงภฬ ภ฿ธ๘ตวพ๚ฝภดฯดู. 
382 วเ: grdProcWaitภว ColWidthMax ผำผบ ภฬธงภฬ ภ฿ธ๘ตวพ๚ฝภดฯดู. 
383 วเ: grdProcWaitภว ExtendLastCol ผำผบ ภฬธงภฬ ภ฿ธ๘ตวพ๚ฝภดฯดู. 
384 วเ: grdProcWaitภว FormatString ผำผบ ภฬธงภฬ ภ฿ธ๘ตวพ๚ฝภดฯดู. 
385 วเ: grdProcWaitภว ScrollTrack ผำผบ ภฬธงภฬ ภ฿ธ๘ตวพ๚ฝภดฯดู. 
386 วเ: grdProcWaitภว ScrollBars ผำผบ ภฬธงภฬ ภ฿ธ๘ตวพ๚ฝภดฯดู. 
387 วเ: grdProcWaitภว ScrollTips ผำผบ ภฬธงภฬ ภ฿ธ๘ตวพ๚ฝภดฯดู. 
388 วเ: grdProcWaitภว MergeCells ผำผบ ภฬธงภฬ ภ฿ธ๘ตวพ๚ฝภดฯดู. 
389 วเ: grdProcWaitภว MergeCompare ผำผบ ภฬธงภฬ ภ฿ธ๘ตวพ๚ฝภดฯดู. 
390 วเ: grdProcWaitภว AutoResize ผำผบ ภฬธงภฬ ภ฿ธ๘ตวพ๚ฝภดฯดู. 
391 วเ: grdProcWaitภว AutoSizeMode ผำผบ ภฬธงภฬ ภ฿ธ๘ตวพ๚ฝภดฯดู. 
392 วเ: grdProcWaitภว AutoSearch ผำผบ ภฬธงภฬ ภ฿ธ๘ตวพ๚ฝภดฯดู. 
393 วเ: grdProcWaitภว AutoSearchDelay ผำผบ ภฬธงภฬ ภ฿ธ๘ตวพ๚ฝภดฯดู. 
394 วเ: grdProcWaitภว MultiTotals ผำผบ ภฬธงภฬ ภ฿ธ๘ตวพ๚ฝภดฯดู. 
395 วเ: grdProcWaitภว SubtotalPosition ผำผบ ภฬธงภฬ ภ฿ธ๘ตวพ๚ฝภดฯดู. 
396 วเ: grdProcWaitภว OutlineBar ผำผบ ภฬธงภฬ ภ฿ธ๘ตวพ๚ฝภดฯดู. 
397 วเ: grdProcWaitภว OutlineCol ผำผบ ภฬธงภฬ ภ฿ธ๘ตวพ๚ฝภดฯดู. 
398 วเ: grdProcWaitภว Ellipsis ผำผบ ภฬธงภฬ ภ฿ธ๘ตวพ๚ฝภดฯดู. 
399 วเ: grdProcWaitภว ExplorerBar ผำผบ ภฬธงภฬ ภ฿ธ๘ตวพ๚ฝภดฯดู. 
400 วเ: grdProcWaitภว PicturesOver ผำผบ ภฬธงภฬ ภ฿ธ๘ตวพ๚ฝภดฯดู. 
403 วเ: grdProcWaitภว PictureType ผำผบ ภฬธงภฬ ภ฿ธ๘ตวพ๚ฝภดฯดู. 
404 วเ: grdProcWaitภว TabBehavior ผำผบ ภฬธงภฬ ภ฿ธ๘ตวพ๚ฝภดฯดู. 
405 วเ: grdProcWaitภว OwnerDraw ผำผบ ภฬธงภฬ ภ฿ธ๘ตวพ๚ฝภดฯดู. 
406 วเ: grdProcWaitภว Editable ผำผบ ภฬธงภฬ ภ฿ธ๘ตวพ๚ฝภดฯดู. 
407 วเ: grdProcWaitภว ShowComboButton ผำผบ ภฬธงภฬ ภ฿ธ๘ตวพ๚ฝภดฯดู. 
408 วเ: grdProcWaitภว WordWrap ผำผบ ภฬธงภฬ ภ฿ธ๘ตวพ๚ฝภดฯดู. 
409 วเ: grdProcWaitภว TextStyle ผำผบ ภฬธงภฬ ภ฿ธ๘ตวพ๚ฝภดฯดู. 
410 วเ: grdProcWaitภว TextStyleFixed ผำผบ ภฬธงภฬ ภ฿ธ๘ตวพ๚ฝภดฯดู. 
413 วเ: grdProcWaitภว ComboSearch ผำผบ ภฬธงภฬ ภ฿ธ๘ตวพ๚ฝภดฯดู. 
414 วเ: grdProcWaitภว AutoSizeMouse ผำผบ ภฬธงภฬ ภ฿ธ๘ตวพ๚ฝภดฯดู. 
415 วเ: grdProcWaitภว FrozenRows ผำผบ ภฬธงภฬ ภ฿ธ๘ตวพ๚ฝภดฯดู. 
416 วเ: grdProcWaitภว FrozenCols ผำผบ ภฬธงภฬ ภ฿ธ๘ตวพ๚ฝภดฯดู. 
417 วเ: grdProcWaitภว AllowUserFreezing ผำผบ ภฬธงภฬ ภ฿ธ๘ตวพ๚ฝภดฯดู. 
418 วเ: grdProcWaitภว BackColorFrozen ผำผบ ภฬธงภฬ ภ฿ธ๘ตวพ๚ฝภดฯดู. 
419 วเ: grdProcWaitภว ForeColorFrozen ผำผบ ภฬธงภฬ ภ฿ธ๘ตวพ๚ฝภดฯดู. 
420 วเ: grdProcWaitภว WallPaperAlignment ผำผบ ภฬธงภฬ ภ฿ธ๘ตวพ๚ฝภดฯดู. 
429 วเ: grdProcWaitDetailภว _cx ผำผบ ภฬธงภฬ ภ฿ธ๘ตวพ๚ฝภดฯดู. 
430 วเ: grdProcWaitDetailภว _cy ผำผบ ภฬธงภฬ ภ฿ธ๘ตวพ๚ฝภดฯดู. 
431 วเ: grdProcWaitDetailภว _ConvInfo ผำผบ ภฬธงภฬ ภ฿ธ๘ตวพ๚ฝภดฯดู. 
447 วเ: grdProcWaitDetailภว BackColorFixed ผำผบ ภฬธงภฬ ภ฿ธ๘ตวพ๚ฝภดฯดู. 
448 วเ: grdProcWaitDetailภว ForeColorFixed ผำผบ ภฬธงภฬ ภ฿ธ๘ตวพ๚ฝภดฯดู. 
449 วเ: grdProcWaitDetailภว BackColorSel ผำผบ ภฬธงภฬ ภ฿ธ๘ตวพ๚ฝภดฯดู. 
450 วเ: grdProcWaitDetailภว ForeColorSel ผำผบ ภฬธงภฬ ภ฿ธ๘ตวพ๚ฝภดฯดู. 
451 วเ: grdProcWaitDetailภว BackColorBkg ผำผบ ภฬธงภฬ ภ฿ธ๘ตวพ๚ฝภดฯดู. 
452 วเ: grdProcWaitDetailภว BackColorAlternate ผำผบ ภฬธงภฬ ภ฿ธ๘ตวพ๚ฝภดฯดู. 
453 วเ: grdProcWaitDetailภว GridColor ผำผบ ภฬธงภฬ ภ฿ธ๘ตวพ๚ฝภดฯดู. 
454 วเ: grdProcWaitDetailภว GridColorFixed ผำผบ ภฬธงภฬ ภ฿ธ๘ตวพ๚ฝภดฯดู. 
455 วเ: grdProcWaitDetailภว TreeColor ผำผบ ภฬธงภฬ ภ฿ธ๘ตวพ๚ฝภดฯดู. 
456 วเ: grdProcWaitDetailภว FloodColor ผำผบ ภฬธงภฬ ภ฿ธ๘ตวพ๚ฝภดฯดู. 
457 วเ: grdProcWaitDetailภว SheetBorder ผำผบ ภฬธงภฬ ภ฿ธ๘ตวพ๚ฝภดฯดู. 
458 วเ: grdProcWaitDetailภว FocusRect ผำผบ ภฬธงภฬ ภ฿ธ๘ตวพ๚ฝภดฯดู. 
459 วเ: grdProcWaitDetailภว HighLight ผำผบ ภฬธงภฬ ภ฿ธ๘ตวพ๚ฝภดฯดู. 
460 วเ: grdProcWaitDetailภว AllowSelection ผำผบ ภฬธงภฬ ภ฿ธ๘ตวพ๚ฝภดฯดู. 
461 วเ: grdProcWaitDetailภว AllowBigSelection ผำผบ ภฬธงภฬ ภ฿ธ๘ตวพ๚ฝภดฯดู. 
462 วเ: grdProcWaitDetailภว AllowUserResizing ผำผบ ภฬธงภฬ ภ฿ธ๘ตวพ๚ฝภดฯดู. 
463 วเ: grdProcWaitDetailภว SelectionMode ผำผบ ภฬธงภฬ ภ฿ธ๘ตวพ๚ฝภดฯดู. 
464 วเ: grdProcWaitDetailภว GridLines ผำผบ ภฬธงภฬ ภ฿ธ๘ตวพ๚ฝภดฯดู. 
465 วเ: grdProcWaitDetailภว GridLinesFixed ผำผบ ภฬธงภฬ ภ฿ธ๘ตวพ๚ฝภดฯดู. 
466 วเ: grdProcWaitDetailภว GridLineWidth ผำผบ ภฬธงภฬ ภ฿ธ๘ตวพ๚ฝภดฯดู. 
467 วเ: grdProcWaitDetailภว Rows ผำผบ ภฬธงภฬ ภ฿ธ๘ตวพ๚ฝภดฯดู. 
468 วเ: grdProcWaitDetailภว Cols ผำผบ ภฬธงภฬ ภ฿ธ๘ตวพ๚ฝภดฯดู. 
469 วเ: grdProcWaitDetailภว FixedRows ผำผบ ภฬธงภฬ ภ฿ธ๘ตวพ๚ฝภดฯดู. 
470 วเ: grdProcWaitDetailภว FixedCols ผำผบ ภฬธงภฬ ภ฿ธ๘ตวพ๚ฝภดฯดู. 
471 วเ: grdProcWaitDetailภว RowHeightMin ผำผบ ภฬธงภฬ ภ฿ธ๘ตวพ๚ฝภดฯดู. 
472 วเ: grdProcWaitDetailภว RowHeightMax ผำผบ ภฬธงภฬ ภ฿ธ๘ตวพ๚ฝภดฯดู. 
473 วเ: grdProcWaitDetailภว ColWidthMin ผำผบ ภฬธงภฬ ภ฿ธ๘ตวพ๚ฝภดฯดู. 
474 วเ: grdProcWaitDetailภว ColWidthMax ผำผบ ภฬธงภฬ ภ฿ธ๘ตวพ๚ฝภดฯดู. 
475 วเ: grdProcWaitDetailภว ExtendLastCol ผำผบ ภฬธงภฬ ภ฿ธ๘ตวพ๚ฝภดฯดู. 
476 วเ: grdProcWaitDetailภว FormatString ผำผบ ภฬธงภฬ ภ฿ธ๘ตวพ๚ฝภดฯดู. 
477 วเ: grdProcWaitDetailภว ScrollTrack ผำผบ ภฬธงภฬ ภ฿ธ๘ตวพ๚ฝภดฯดู. 
478 วเ: grdProcWaitDetailภว ScrollBars ผำผบ ภฬธงภฬ ภ฿ธ๘ตวพ๚ฝภดฯดู. 
479 วเ: grdProcWaitDetailภว ScrollTips ผำผบ ภฬธงภฬ ภ฿ธ๘ตวพ๚ฝภดฯดู. 
480 วเ: grdProcWaitDetailภว MergeCells ผำผบ ภฬธงภฬ ภ฿ธ๘ตวพ๚ฝภดฯดู. 
481 วเ: grdProcWaitDetailภว MergeCompare ผำผบ ภฬธงภฬ ภ฿ธ๘ตวพ๚ฝภดฯดู. 
482 วเ: grdProcWaitDetailภว AutoResize ผำผบ ภฬธงภฬ ภ฿ธ๘ตวพ๚ฝภดฯดู. 
483 วเ: grdProcWaitDetailภว AutoSizeMode ผำผบ ภฬธงภฬ ภ฿ธ๘ตวพ๚ฝภดฯดู. 
484 วเ: grdProcWaitDetailภว AutoSearch ผำผบ ภฬธงภฬ ภ฿ธ๘ตวพ๚ฝภดฯดู. 
485 วเ: grdProcWaitDetailภว AutoSearchDelay ผำผบ ภฬธงภฬ ภ฿ธ๘ตวพ๚ฝภดฯดู. 
486 วเ: grdProcWaitDetailภว MultiTotals ผำผบ ภฬธงภฬ ภ฿ธ๘ตวพ๚ฝภดฯดู. 
487 วเ: grdProcWaitDetailภว SubtotalPosition ผำผบ ภฬธงภฬ ภ฿ธ๘ตวพ๚ฝภดฯดู. 
488 วเ: grdProcWaitDetailภว OutlineBar ผำผบ ภฬธงภฬ ภ฿ธ๘ตวพ๚ฝภดฯดู. 
489 วเ: grdProcWaitDetailภว OutlineCol ผำผบ ภฬธงภฬ ภ฿ธ๘ตวพ๚ฝภดฯดู. 
490 วเ: grdProcWaitDetailภว Ellipsis ผำผบ ภฬธงภฬ ภ฿ธ๘ตวพ๚ฝภดฯดู. 
491 วเ: grdProcWaitDetailภว ExplorerBar ผำผบ ภฬธงภฬ ภ฿ธ๘ตวพ๚ฝภดฯดู. 
492 วเ: grdProcWaitDetailภว PicturesOver ผำผบ ภฬธงภฬ ภ฿ธ๘ตวพ๚ฝภดฯดู. 
495 วเ: grdProcWaitDetailภว PictureType ผำผบ ภฬธงภฬ ภ฿ธ๘ตวพ๚ฝภดฯดู. 
496 วเ: grdProcWaitDetailภว TabBehavior ผำผบ ภฬธงภฬ ภ฿ธ๘ตวพ๚ฝภดฯดู. 
497 วเ: grdProcWaitDetailภว OwnerDraw ผำผบ ภฬธงภฬ ภ฿ธ๘ตวพ๚ฝภดฯดู. 
498 วเ: grdProcWaitDetailภว Editable ผำผบ ภฬธงภฬ ภ฿ธ๘ตวพ๚ฝภดฯดู. 
499 วเ: grdProcWaitDetailภว ShowComboButton ผำผบ ภฬธงภฬ ภ฿ธ๘ตวพ๚ฝภดฯดู. 
500 วเ: grdProcWaitDetailภว WordWrap ผำผบ ภฬธงภฬ ภ฿ธ๘ตวพ๚ฝภดฯดู. 
501 วเ: grdProcWaitDetailภว TextStyle ผำผบ ภฬธงภฬ ภ฿ธ๘ตวพ๚ฝภดฯดู. 
502 วเ: grdProcWaitDetailภว TextStyleFixed ผำผบ ภฬธงภฬ ภ฿ธ๘ตวพ๚ฝภดฯดู. 
505 วเ: grdProcWaitDetailภว ComboSearch ผำผบ ภฬธงภฬ ภ฿ธ๘ตวพ๚ฝภดฯดู. 
506 วเ: grdProcWaitDetailภว AutoSizeMouse ผำผบ ภฬธงภฬ ภ฿ธ๘ตวพ๚ฝภดฯดู. 
507 วเ: grdProcWaitDetailภว FrozenRows ผำผบ ภฬธงภฬ ภ฿ธ๘ตวพ๚ฝภดฯดู. 
508 วเ: grdProcWaitDetailภว FrozenCols ผำผบ ภฬธงภฬ ภ฿ธ๘ตวพ๚ฝภดฯดู. 
509 วเ: grdProcWaitDetailภว AllowUserFreezing ผำผบ ภฬธงภฬ ภ฿ธ๘ตวพ๚ฝภดฯดู. 
510 วเ: grdProcWaitDetailภว BackColorFrozen ผำผบ ภฬธงภฬ ภ฿ธ๘ตวพ๚ฝภดฯดู. 
511 วเ: grdProcWaitDetailภว ForeColorFrozen ผำผบ ภฬธงภฬ ภ฿ธ๘ตวพ๚ฝภดฯดู. 
512 วเ: grdProcWaitDetailภว WallPaperAlignment ผำผบ ภฬธงภฬ ภ฿ธ๘ตวพ๚ฝภดฯดู. 
520 วเ: grdStuffINภว _cx ผำผบ ภฬธงภฬ ภ฿ธ๘ตวพ๚ฝภดฯดู. 
521 วเ: grdStuffINภว _cy ผำผบ ภฬธงภฬ ภ฿ธ๘ตวพ๚ฝภดฯดู. 
522 วเ: grdStuffINภว _ConvInfo ผำผบ ภฬธงภฬ ภ฿ธ๘ตวพ๚ฝภดฯดู. 
538 วเ: grdStuffINภว BackColorFixed ผำผบ ภฬธงภฬ ภ฿ธ๘ตวพ๚ฝภดฯดู. 
539 วเ: grdStuffINภว ForeColorFixed ผำผบ ภฬธงภฬ ภ฿ธ๘ตวพ๚ฝภดฯดู. 
540 วเ: grdStuffINภว BackColorSel ผำผบ ภฬธงภฬ ภ฿ธ๘ตวพ๚ฝภดฯดู. 
541 วเ: grdStuffINภว ForeColorSel ผำผบ ภฬธงภฬ ภ฿ธ๘ตวพ๚ฝภดฯดู. 
542 วเ: grdStuffINภว BackColorBkg ผำผบ ภฬธงภฬ ภ฿ธ๘ตวพ๚ฝภดฯดู. 
543 วเ: grdStuffINภว BackColorAlternate ผำผบ ภฬธงภฬ ภ฿ธ๘ตวพ๚ฝภดฯดู. 
544 วเ: grdStuffINภว GridColor ผำผบ ภฬธงภฬ ภ฿ธ๘ตวพ๚ฝภดฯดู. 
545 วเ: grdStuffINภว GridColorFixed ผำผบ ภฬธงภฬ ภ฿ธ๘ตวพ๚ฝภดฯดู. 
546 วเ: grdStuffINภว TreeColor ผำผบ ภฬธงภฬ ภ฿ธ๘ตวพ๚ฝภดฯดู. 
547 วเ: grdStuffINภว FloodColor ผำผบ ภฬธงภฬ ภ฿ธ๘ตวพ๚ฝภดฯดู. 
548 วเ: grdStuffINภว SheetBorder ผำผบ ภฬธงภฬ ภ฿ธ๘ตวพ๚ฝภดฯดู. 
549 วเ: grdStuffINภว FocusRect ผำผบ ภฬธงภฬ ภ฿ธ๘ตวพ๚ฝภดฯดู. 
550 วเ: grdStuffINภว HighLight ผำผบ ภฬธงภฬ ภ฿ธ๘ตวพ๚ฝภดฯดู. 
551 วเ: grdStuffINภว AllowSelection ผำผบ ภฬธงภฬ ภ฿ธ๘ตวพ๚ฝภดฯดู. 
552 วเ: grdStuffINภว AllowBigSelection ผำผบ ภฬธงภฬ ภ฿ธ๘ตวพ๚ฝภดฯดู. 
553 วเ: grdStuffINภว AllowUserResizing ผำผบ ภฬธงภฬ ภ฿ธ๘ตวพ๚ฝภดฯดู. 
554 วเ: grdStuffINภว SelectionMode ผำผบ ภฬธงภฬ ภ฿ธ๘ตวพ๚ฝภดฯดู. 
555 วเ: grdStuffINภว GridLines ผำผบ ภฬธงภฬ ภ฿ธ๘ตวพ๚ฝภดฯดู. 
556 วเ: grdStuffINภว GridLinesFixed ผำผบ ภฬธงภฬ ภ฿ธ๘ตวพ๚ฝภดฯดู. 
557 วเ: grdStuffINภว GridLineWidth ผำผบ ภฬธงภฬ ภ฿ธ๘ตวพ๚ฝภดฯดู. 
558 วเ: grdStuffINภว Rows ผำผบ ภฬธงภฬ ภ฿ธ๘ตวพ๚ฝภดฯดู. 
559 วเ: grdStuffINภว Cols ผำผบ ภฬธงภฬ ภ฿ธ๘ตวพ๚ฝภดฯดู. 
560 วเ: grdStuffINภว FixedRows ผำผบ ภฬธงภฬ ภ฿ธ๘ตวพ๚ฝภดฯดู. 
561 วเ: grdStuffINภว FixedCols ผำผบ ภฬธงภฬ ภ฿ธ๘ตวพ๚ฝภดฯดู. 
562 วเ: grdStuffINภว RowHeightMin ผำผบ ภฬธงภฬ ภ฿ธ๘ตวพ๚ฝภดฯดู. 
563 วเ: grdStuffINภว RowHeightMax ผำผบ ภฬธงภฬ ภ฿ธ๘ตวพ๚ฝภดฯดู. 
564 วเ: grdStuffINภว ColWidthMin ผำผบ ภฬธงภฬ ภ฿ธ๘ตวพ๚ฝภดฯดู. 
565 วเ: grdStuffINภว ColWidthMax ผำผบ ภฬธงภฬ ภ฿ธ๘ตวพ๚ฝภดฯดู. 
566 วเ: grdStuffINภว ExtendLastCol ผำผบ ภฬธงภฬ ภ฿ธ๘ตวพ๚ฝภดฯดู. 
567 วเ: grdStuffINภว FormatString ผำผบ ภฬธงภฬ ภ฿ธ๘ตวพ๚ฝภดฯดู. 
568 วเ: grdStuffINภว ScrollTrack ผำผบ ภฬธงภฬ ภ฿ธ๘ตวพ๚ฝภดฯดู. 
569 วเ: grdStuffINภว ScrollBars ผำผบ ภฬธงภฬ ภ฿ธ๘ตวพ๚ฝภดฯดู. 
570 วเ: grdStuffINภว ScrollTips ผำผบ ภฬธงภฬ ภ฿ธ๘ตวพ๚ฝภดฯดู. 
571 วเ: grdStuffINภว MergeCells ผำผบ ภฬธงภฬ ภ฿ธ๘ตวพ๚ฝภดฯดู. 
572 วเ: grdStuffINภว MergeCompare ผำผบ ภฬธงภฬ ภ฿ธ๘ตวพ๚ฝภดฯดู. 
573 วเ: grdStuffINภว AutoResize ผำผบ ภฬธงภฬ ภ฿ธ๘ตวพ๚ฝภดฯดู. 
574 วเ: grdStuffINภว AutoSizeMode ผำผบ ภฬธงภฬ ภ฿ธ๘ตวพ๚ฝภดฯดู. 
575 วเ: grdStuffINภว AutoSearch ผำผบ ภฬธงภฬ ภ฿ธ๘ตวพ๚ฝภดฯดู. 
576 วเ: grdStuffINภว AutoSearchDelay ผำผบ ภฬธงภฬ ภ฿ธ๘ตวพ๚ฝภดฯดู. 
577 วเ: grdStuffINภว MultiTotals ผำผบ ภฬธงภฬ ภ฿ธ๘ตวพ๚ฝภดฯดู. 
578 วเ: grdStuffINภว SubtotalPosition ผำผบ ภฬธงภฬ ภ฿ธ๘ตวพ๚ฝภดฯดู. 
579 วเ: grdStuffINภว OutlineBar ผำผบ ภฬธงภฬ ภ฿ธ๘ตวพ๚ฝภดฯดู. 
580 วเ: grdStuffINภว OutlineCol ผำผบ ภฬธงภฬ ภ฿ธ๘ตวพ๚ฝภดฯดู. 
581 วเ: grdStuffINภว Ellipsis ผำผบ ภฬธงภฬ ภ฿ธ๘ตวพ๚ฝภดฯดู. 
582 วเ: grdStuffINภว ExplorerBar ผำผบ ภฬธงภฬ ภ฿ธ๘ตวพ๚ฝภดฯดู. 
583 วเ: grdStuffINภว PicturesOver ผำผบ ภฬธงภฬ ภ฿ธ๘ตวพ๚ฝภดฯดู. 
586 วเ: grdStuffINภว PictureType ผำผบ ภฬธงภฬ ภ฿ธ๘ตวพ๚ฝภดฯดู. 
587 วเ: grdStuffINภว TabBehavior ผำผบ ภฬธงภฬ ภ฿ธ๘ตวพ๚ฝภดฯดู. 
588 วเ: grdStuffINภว OwnerDraw ผำผบ ภฬธงภฬ ภ฿ธ๘ตวพ๚ฝภดฯดู. 
589 วเ: grdStuffINภว Editable ผำผบ ภฬธงภฬ ภ฿ธ๘ตวพ๚ฝภดฯดู. 
590 วเ: grdStuffINภว ShowComboButton ผำผบ ภฬธงภฬ ภ฿ธ๘ตวพ๚ฝภดฯดู. 
591 วเ: grdStuffINภว WordWrap ผำผบ ภฬธงภฬ ภ฿ธ๘ตวพ๚ฝภดฯดู. 
592 วเ: grdStuffINภว TextStyle ผำผบ ภฬธงภฬ ภ฿ธ๘ตวพ๚ฝภดฯดู. 
593 วเ: grdStuffINภว TextStyleFixed ผำผบ ภฬธงภฬ ภ฿ธ๘ตวพ๚ฝภดฯดู. 
596 วเ: grdStuffINภว ComboSearch ผำผบ ภฬธงภฬ ภ฿ธ๘ตวพ๚ฝภดฯดู. 
597 วเ: grdStuffINภว AutoSizeMouse ผำผบ ภฬธงภฬ ภ฿ธ๘ตวพ๚ฝภดฯดู. 
598 วเ: grdStuffINภว FrozenRows ผำผบ ภฬธงภฬ ภ฿ธ๘ตวพ๚ฝภดฯดู. 
599 วเ: grdStuffINภว FrozenCols ผำผบ ภฬธงภฬ ภ฿ธ๘ตวพ๚ฝภดฯดู. 
600 วเ: grdStuffINภว AllowUserFreezing ผำผบ ภฬธงภฬ ภ฿ธ๘ตวพ๚ฝภดฯดู. 
601 วเ: grdStuffINภว BackColorFrozen ผำผบ ภฬธงภฬ ภ฿ธ๘ตวพ๚ฝภดฯดู. 
602 วเ: grdStuffINภว ForeColorFrozen ผำผบ ภฬธงภฬ ภ฿ธ๘ตวพ๚ฝภดฯดู. 
603 วเ: grdStuffINภว WallPaperAlignment ผำผบ ภฬธงภฬ ภ฿ธ๘ตวพ๚ฝภดฯดู. 
612 วเ: grdOrderภว _cx ผำผบ ภฬธงภฬ ภ฿ธ๘ตวพ๚ฝภดฯดู. 
613 วเ: grdOrderภว _cy ผำผบ ภฬธงภฬ ภ฿ธ๘ตวพ๚ฝภดฯดู. 
614 วเ: grdOrderภว _ConvInfo ผำผบ ภฬธงภฬ ภ฿ธ๘ตวพ๚ฝภดฯดู. 
630 วเ: grdOrderภว BackColorFixed ผำผบ ภฬธงภฬ ภ฿ธ๘ตวพ๚ฝภดฯดู. 
631 วเ: grdOrderภว ForeColorFixed ผำผบ ภฬธงภฬ ภ฿ธ๘ตวพ๚ฝภดฯดู. 
632 วเ: grdOrderภว BackColorSel ผำผบ ภฬธงภฬ ภ฿ธ๘ตวพ๚ฝภดฯดู. 
633 วเ: grdOrderภว ForeColorSel ผำผบ ภฬธงภฬ ภ฿ธ๘ตวพ๚ฝภดฯดู. 
634 วเ: grdOrderภว BackColorBkg ผำผบ ภฬธงภฬ ภ฿ธ๘ตวพ๚ฝภดฯดู. 
635 วเ: grdOrderภว BackColorAlternate ผำผบ ภฬธงภฬ ภ฿ธ๘ตวพ๚ฝภดฯดู. 
636 วเ: grdOrderภว GridColor ผำผบ ภฬธงภฬ ภ฿ธ๘ตวพ๚ฝภดฯดู. 
637 วเ: grdOrderภว GridColorFixed ผำผบ ภฬธงภฬ ภ฿ธ๘ตวพ๚ฝภดฯดู. 
638 วเ: grdOrderภว TreeColor ผำผบ ภฬธงภฬ ภ฿ธ๘ตวพ๚ฝภดฯดู. 
639 วเ: grdOrderภว FloodColor ผำผบ ภฬธงภฬ ภ฿ธ๘ตวพ๚ฝภดฯดู. 
640 วเ: grdOrderภว SheetBorder ผำผบ ภฬธงภฬ ภ฿ธ๘ตวพ๚ฝภดฯดู. 
641 วเ: grdOrderภว FocusRect ผำผบ ภฬธงภฬ ภ฿ธ๘ตวพ๚ฝภดฯดู. 
642 วเ: grdOrderภว HighLight ผำผบ ภฬธงภฬ ภ฿ธ๘ตวพ๚ฝภดฯดู. 
643 วเ: grdOrderภว AllowSelection ผำผบ ภฬธงภฬ ภ฿ธ๘ตวพ๚ฝภดฯดู. 
644 วเ: grdOrderภว AllowBigSelection ผำผบ ภฬธงภฬ ภ฿ธ๘ตวพ๚ฝภดฯดู. 
645 วเ: grdOrderภว AllowUserResizing ผำผบ ภฬธงภฬ ภ฿ธ๘ตวพ๚ฝภดฯดู. 
646 วเ: grdOrderภว SelectionMode ผำผบ ภฬธงภฬ ภ฿ธ๘ตวพ๚ฝภดฯดู. 
647 วเ: grdOrderภว GridLines ผำผบ ภฬธงภฬ ภ฿ธ๘ตวพ๚ฝภดฯดู. 
648 วเ: grdOrderภว GridLinesFixed ผำผบ ภฬธงภฬ ภ฿ธ๘ตวพ๚ฝภดฯดู. 
649 วเ: grdOrderภว GridLineWidth ผำผบ ภฬธงภฬ ภ฿ธ๘ตวพ๚ฝภดฯดู. 
650 วเ: grdOrderภว Rows ผำผบ ภฬธงภฬ ภ฿ธ๘ตวพ๚ฝภดฯดู. 
651 วเ: grdOrderภว Cols ผำผบ ภฬธงภฬ ภ฿ธ๘ตวพ๚ฝภดฯดู. 
652 วเ: grdOrderภว FixedRows ผำผบ ภฬธงภฬ ภ฿ธ๘ตวพ๚ฝภดฯดู. 
653 วเ: grdOrderภว FixedCols ผำผบ ภฬธงภฬ ภ฿ธ๘ตวพ๚ฝภดฯดู. 
654 วเ: grdOrderภว RowHeightMin ผำผบ ภฬธงภฬ ภ฿ธ๘ตวพ๚ฝภดฯดู. 
655 วเ: grdOrderภว RowHeightMax ผำผบ ภฬธงภฬ ภ฿ธ๘ตวพ๚ฝภดฯดู. 
656 วเ: grdOrderภว ColWidthMin ผำผบ ภฬธงภฬ ภ฿ธ๘ตวพ๚ฝภดฯดู. 
657 วเ: grdOrderภว ColWidthMax ผำผบ ภฬธงภฬ ภ฿ธ๘ตวพ๚ฝภดฯดู. 
658 วเ: grdOrderภว ExtendLastCol ผำผบ ภฬธงภฬ ภ฿ธ๘ตวพ๚ฝภดฯดู. 
659 วเ: grdOrderภว FormatString ผำผบ ภฬธงภฬ ภ฿ธ๘ตวพ๚ฝภดฯดู. 
660 วเ: grdOrderภว ScrollTrack ผำผบ ภฬธงภฬ ภ฿ธ๘ตวพ๚ฝภดฯดู. 
661 วเ: grdOrderภว ScrollBars ผำผบ ภฬธงภฬ ภ฿ธ๘ตวพ๚ฝภดฯดู. 
662 วเ: grdOrderภว ScrollTips ผำผบ ภฬธงภฬ ภ฿ธ๘ตวพ๚ฝภดฯดู. 
663 วเ: grdOrderภว MergeCells ผำผบ ภฬธงภฬ ภ฿ธ๘ตวพ๚ฝภดฯดู. 
664 วเ: grdOrderภว MergeCompare ผำผบ ภฬธงภฬ ภ฿ธ๘ตวพ๚ฝภดฯดู. 
665 วเ: grdOrderภว AutoResize ผำผบ ภฬธงภฬ ภ฿ธ๘ตวพ๚ฝภดฯดู. 
666 วเ: grdOrderภว AutoSizeMode ผำผบ ภฬธงภฬ ภ฿ธ๘ตวพ๚ฝภดฯดู. 
667 วเ: grdOrderภว AutoSearch ผำผบ ภฬธงภฬ ภ฿ธ๘ตวพ๚ฝภดฯดู. 
668 วเ: grdOrderภว AutoSearchDelay ผำผบ ภฬธงภฬ ภ฿ธ๘ตวพ๚ฝภดฯดู. 
669 วเ: grdOrderภว MultiTotals ผำผบ ภฬธงภฬ ภ฿ธ๘ตวพ๚ฝภดฯดู. 
670 วเ: grdOrderภว SubtotalPosition ผำผบ ภฬธงภฬ ภ฿ธ๘ตวพ๚ฝภดฯดู. 
671 วเ: grdOrderภว OutlineBar ผำผบ ภฬธงภฬ ภ฿ธ๘ตวพ๚ฝภดฯดู. 
672 วเ: grdOrderภว OutlineCol ผำผบ ภฬธงภฬ ภ฿ธ๘ตวพ๚ฝภดฯดู. 
673 วเ: grdOrderภว Ellipsis ผำผบ ภฬธงภฬ ภ฿ธ๘ตวพ๚ฝภดฯดู. 
674 วเ: grdOrderภว ExplorerBar ผำผบ ภฬธงภฬ ภ฿ธ๘ตวพ๚ฝภดฯดู. 
675 วเ: grdOrderภว PicturesOver ผำผบ ภฬธงภฬ ภ฿ธ๘ตวพ๚ฝภดฯดู. 
678 วเ: grdOrderภว PictureType ผำผบ ภฬธงภฬ ภ฿ธ๘ตวพ๚ฝภดฯดู. 
679 วเ: grdOrderภว TabBehavior ผำผบ ภฬธงภฬ ภ฿ธ๘ตวพ๚ฝภดฯดู. 
680 วเ: grdOrderภว OwnerDraw ผำผบ ภฬธงภฬ ภ฿ธ๘ตวพ๚ฝภดฯดู. 
681 วเ: grdOrderภว Editable ผำผบ ภฬธงภฬ ภ฿ธ๘ตวพ๚ฝภดฯดู. 
682 วเ: grdOrderภว ShowComboButton ผำผบ ภฬธงภฬ ภ฿ธ๘ตวพ๚ฝภดฯดู. 
683 วเ: grdOrderภว WordWrap ผำผบ ภฬธงภฬ ภ฿ธ๘ตวพ๚ฝภดฯดู. 
684 วเ: grdOrderภว TextStyle ผำผบ ภฬธงภฬ ภ฿ธ๘ตวพ๚ฝภดฯดู. 
685 วเ: grdOrderภว TextStyleFixed ผำผบ ภฬธงภฬ ภ฿ธ๘ตวพ๚ฝภดฯดู. 
688 วเ: grdOrderภว ComboSearch ผำผบ ภฬธงภฬ ภ฿ธ๘ตวพ๚ฝภดฯดู. 
689 วเ: grdOrderภว AutoSizeMouse ผำผบ ภฬธงภฬ ภ฿ธ๘ตวพ๚ฝภดฯดู. 
690 วเ: grdOrderภว FrozenRows ผำผบ ภฬธงภฬ ภ฿ธ๘ตวพ๚ฝภดฯดู. 
691 วเ: grdOrderภว FrozenCols ผำผบ ภฬธงภฬ ภ฿ธ๘ตวพ๚ฝภดฯดู. 
692 วเ: grdOrderภว AllowUserFreezing ผำผบ ภฬธงภฬ ภ฿ธ๘ตวพ๚ฝภดฯดู. 
693 วเ: grdOrderภว BackColorFrozen ผำผบ ภฬธงภฬ ภ฿ธ๘ตวพ๚ฝภดฯดู. 
694 วเ: grdOrderภว ForeColorFrozen ผำผบ ภฬธงภฬ ภ฿ธ๘ตวพ๚ฝภดฯดู. 
695 วเ: grdOrderภว WallPaperAlignment ผำผบ ภฬธงภฬ ภ฿ธ๘ตวพ๚ฝภดฯดู. 
714 วเ: pnlCaptionภว _ExtentX ผำผบ ภฬธงภฬ ภ฿ธ๘ตวพ๚ฝภดฯดู. 
715 วเ: pnlCaptionภว _ExtentY ผำผบ ภฬธงภฬ ภ฿ธ๘ตวพ๚ฝภดฯดู. 
716 วเ: pnlCaptionภว _Version ผำผบ ภฬธงภฬ ภ฿ธ๘ตวพ๚ฝภดฯดู. 
726 วเ: pnlCaptionภว Caption ผำผบ ภฬธงภฬ ภ฿ธ๘ตวพ๚ฝภดฯดู. 
727 วเ: pnlCaptionภว BevelOuter ผำผบ ภฬธงภฬ ภ฿ธ๘ตวพ๚ฝภดฯดู. 
728 วเ: pnlCaptionภว RoundedCorners ผำผบ ภฬธงภฬ ภ฿ธ๘ตวพ๚ฝภดฯดู. 
729 วเ: pnlCaptionภว FloodShowPct ผำผบ ภฬธงภฬ ภ฿ธ๘ตวพ๚ฝภดฯดู. 
738 วเ: pnlNameภว _ExtentX ผำผบ ภฬธงภฬ ภ฿ธ๘ตวพ๚ฝภดฯดู. 
739 วเ: pnlNameภว _ExtentY ผำผบ ภฬธงภฬ ภ฿ธ๘ตวพ๚ฝภดฯดู. 
740 วเ: pnlNameภว _Version ผำผบ ภฬธงภฬ ภ฿ธ๘ตวพ๚ฝภดฯดู. 
750 วเ: pnlNameภว Caption ผำผบ ภฬธงภฬ ภ฿ธ๘ตวพ๚ฝภดฯดู. 
751 วเ: pnlNameภว BevelOuter ผำผบ ภฬธงภฬ ภ฿ธ๘ตวพ๚ฝภดฯดู. 
752 วเ: pnlNameภว RoundedCorners ผำผบ ภฬธงภฬ ภ฿ธ๘ตวพ๚ฝภดฯดู. 
753 วเ: pnlNameภว FloodShowPct ผำผบ ภฬธงภฬ ภ฿ธ๘ตวพ๚ฝภดฯดู. 
762 วเ: pnlNameภว _ExtentX ผำผบ ภฬธงภฬ ภ฿ธ๘ตวพ๚ฝภดฯดู. 
763 วเ: pnlNameภว _ExtentY ผำผบ ภฬธงภฬ ภ฿ธ๘ตวพ๚ฝภดฯดู. 
764 วเ: pnlNameภว _Version ผำผบ ภฬธงภฬ ภ฿ธ๘ตวพ๚ฝภดฯดู. 
774 วเ: pnlNameภว Caption ผำผบ ภฬธงภฬ ภ฿ธ๘ตวพ๚ฝภดฯดู. 
775 วเ: pnlNameภว BevelOuter ผำผบ ภฬธงภฬ ภ฿ธ๘ตวพ๚ฝภดฯดู. 
776 วเ: pnlNameภว RoundedCorners ผำผบ ภฬธงภฬ ภ฿ธ๘ตวพ๚ฝภดฯดู. 
777 วเ: pnlNameภว FloodShowPct ผำผบ ภฬธงภฬ ภ฿ธ๘ตวพ๚ฝภดฯดู. 
786 วเ: pnlNameภว _ExtentX ผำผบ ภฬธงภฬ ภ฿ธ๘ตวพ๚ฝภดฯดู. 
787 วเ: pnlNameภว _ExtentY ผำผบ ภฬธงภฬ ภ฿ธ๘ตวพ๚ฝภดฯดู. 
788 วเ: pnlNameภว _Version ผำผบ ภฬธงภฬ ภ฿ธ๘ตวพ๚ฝภดฯดู. 
798 วเ: pnlNameภว Caption ผำผบ ภฬธงภฬ ภ฿ธ๘ตวพ๚ฝภดฯดู. 
799 วเ: pnlNameภว BevelOuter ผำผบ ภฬธงภฬ ภ฿ธ๘ตวพ๚ฝภดฯดู. 
800 วเ: pnlNameภว RoundedCorners ผำผบ ภฬธงภฬ ภ฿ธ๘ตวพ๚ฝภดฯดู. 
801 วเ: pnlNameภว FloodShowPct ผำผบ ภฬธงภฬ ภ฿ธ๘ตวพ๚ฝภดฯดู. 
810 วเ: pnlNameภว _ExtentX ผำผบ ภฬธงภฬ ภ฿ธ๘ตวพ๚ฝภดฯดู. 
811 วเ: pnlNameภว _ExtentY ผำผบ ภฬธงภฬ ภ฿ธ๘ตวพ๚ฝภดฯดู. 
812 วเ: pnlNameภว _Version ผำผบ ภฬธงภฬ ภ฿ธ๘ตวพ๚ฝภดฯดู. 
822 วเ: pnlNameภว Caption ผำผบ ภฬธงภฬ ภ฿ธ๘ตวพ๚ฝภดฯดู. 
823 วเ: pnlNameภว BevelOuter ผำผบ ภฬธงภฬ ภ฿ธ๘ตวพ๚ฝภดฯดู. 
824 วเ: pnlNameภว RoundedCorners ผำผบ ภฬธงภฬ ภ฿ธ๘ตวพ๚ฝภดฯดู. 
825 วเ: pnlNameภว FloodShowPct ผำผบ ภฬธงภฬ ภ฿ธ๘ตวพ๚ฝภดฯดู. 
834 วเ: pnlNameภว _ExtentX ผำผบ ภฬธงภฬ ภ฿ธ๘ตวพ๚ฝภดฯดู. 
835 วเ: pnlNameภว _ExtentY ผำผบ ภฬธงภฬ ภ฿ธ๘ตวพ๚ฝภดฯดู. 
836 วเ: pnlNameภว _Version ผำผบ ภฬธงภฬ ภ฿ธ๘ตวพ๚ฝภดฯดู. 
846 วเ: pnlNameภว Caption ผำผบ ภฬธงภฬ ภ฿ธ๘ตวพ๚ฝภดฯดู. 
847 วเ: pnlNameภว BevelOuter ผำผบ ภฬธงภฬ ภ฿ธ๘ตวพ๚ฝภดฯดู. 
848 วเ: pnlNameภว RoundedCorners ผำผบ ภฬธงภฬ ภ฿ธ๘ตวพ๚ฝภดฯดู. 
849 วเ: pnlNameภว FloodShowPct ผำผบ ภฬธงภฬ ภ฿ธ๘ตวพ๚ฝภดฯดู. 
857 วเ: txtWorkDensityภว _ExtentX ผำผบ ภฬธงภฬ ภ฿ธ๘ตวพ๚ฝภดฯดู. 
858 วเ: txtWorkDensityภว _ExtentY ผำผบ ภฬธงภฬ ภ฿ธ๘ตวพ๚ฝภดฯดู. 
868 วเ: txtWorkDensityภว Alignment ผำผบ ภฬธงภฬ ภ฿ธ๘ตวพ๚ฝภดฯดู. 
876 วเ: txtAcptDateภว _ExtentX ผำผบ ภฬธงภฬ ภ฿ธ๘ตวพ๚ฝภดฯดู. 
877 วเ: txtAcptDateภว _ExtentY ผำผบ ภฬธงภฬ ภ฿ธ๘ตวพ๚ฝภดฯดู. 
887 วเ: txtAcptDateภว Alignment ผำผบ ภฬธงภฬ ภ฿ธ๘ตวพ๚ฝภดฯดู. 
888 วเ: txtAcptDateภว Text ผำผบ ภฬธงภฬ ภ฿ธ๘ตวพ๚ฝภดฯดู. 
896 วเ: txtDvlyDateภว _ExtentX ผำผบ ภฬธงภฬ ภ฿ธ๘ตวพ๚ฝภดฯดู. 
897 วเ: txtDvlyDateภว _ExtentY ผำผบ ภฬธงภฬ ภ฿ธ๘ตวพ๚ฝภดฯดู. 
907 วเ: txtDvlyDateภว Alignment ผำผบ ภฬธงภฬ ภ฿ธ๘ตวพ๚ฝภดฯดู. 
908 วเ: txtDvlyDateภว Text ผำผบ ภฬธงภฬ ภ฿ธ๘ตวพ๚ฝภดฯดู. 
