18 วเ: grdData ฤมฦฎทัภว VSFlex7LCtl.VSFlexGrid ลฌทกฝบดย ทฮตๅวั ฤมฦฎทั ลฌทกฝบฐก พฦดีดฯดู.
109 วเ: pnlMsg ฤมฦฎทัภว Threed.SSPanel ลฌทกฝบดย ทฮตๅวั ฤมฦฎทั ลฌทกฝบฐก พฦดีดฯดู.
124 วเ: pnlEdit ฤมฦฎทัภว Threed.SSPanel ลฌทกฝบดย ทฮตๅวั ฤมฦฎทั ลฌทกฝบฐก พฦดีดฯดู.
136 วเ: txtName ฤมฦฎทัภว MRPPlus2.WizText ลฌทกฝบดย ทฮตๅวั ฤมฦฎทั ลฌทกฝบฐก พฦดีดฯดู.
155 วเ: txtCode ฤมฦฎทัภว MRPPlus2.WizText ลฌทกฝบดย ทฮตๅวั ฤมฦฎทั ลฌทกฝบฐก พฦดีดฯดู.
175 วเ: pnlCaption ฤมฦฎทัภว Threed.SSPanel ลฌทกฝบดย ทฮตๅวั ฤมฦฎทั ลฌทกฝบฐก พฦดีดฯดู.
190 วเ: pnlCaption ฤมฦฎทัภว Threed.SSPanel ลฌทกฝบดย ทฮตๅวั ฤมฦฎทั ลฌทกฝบฐก พฦดีดฯดู.
206 วเ: cmdExit ฤมฦฎทัภว Threed.SSCommand ลฌทกฝบดย ทฮตๅวั ฤมฦฎทั ลฌทกฝบฐก พฦดีดฯดู.
219 วเ: tabForm ฤมฦฎทัภว TabDlg.SSTab ลฌทกฝบดย ทฮตๅวั ฤมฦฎทั ลฌทกฝบฐก พฦดีดฯดู.
250 วเ: pnlBoard ฤมฦฎทัภว Threed.SSPanel ลฌทกฝบดย ทฮตๅวั ฤมฦฎทั ลฌทกฝบฐก พฦดีดฯดู.
325 วเ: pnlSearch ฤมฦฎทัภว Threed.SSPanel ลฌทกฝบดย ทฮตๅวั ฤมฦฎทั ลฌทกฝบฐก พฦดีดฯดู.
343 วเ: pnlCaption ฤมฦฎทัภว Threed.SSPanel ลฌทกฝบดย ทฮตๅวั ฤมฦฎทั ลฌทกฝบฐก พฦดีดฯดู.
358 วเ: cmdAll ฤมฦฎทัภว Threed.SSCommand ลฌทกฝบดย ทฮตๅวั ฤมฦฎทั ลฌทกฝบฐก พฦดีดฯดู.
24 วเ: grdDataภว _cx ผำผบ ภฬธงภฬ ภ฿ธ๘ตวพ๚ฝภดฯดู. 
25 วเ: grdDataภว _cy ผำผบ ภฬธงภฬ ภ฿ธ๘ตวพ๚ฝภดฯดู. 
26 วเ: grdDataภว _ConvInfo ผำผบ ภฬธงภฬ ภ฿ธ๘ตวพ๚ฝภดฯดู. 
42 วเ: grdDataภว BackColorFixed ผำผบ ภฬธงภฬ ภ฿ธ๘ตวพ๚ฝภดฯดู. 
43 วเ: grdDataภว ForeColorFixed ผำผบ ภฬธงภฬ ภ฿ธ๘ตวพ๚ฝภดฯดู. 
44 วเ: grdDataภว BackColorSel ผำผบ ภฬธงภฬ ภ฿ธ๘ตวพ๚ฝภดฯดู. 
45 วเ: grdDataภว ForeColorSel ผำผบ ภฬธงภฬ ภ฿ธ๘ตวพ๚ฝภดฯดู. 
46 วเ: grdDataภว BackColorBkg ผำผบ ภฬธงภฬ ภ฿ธ๘ตวพ๚ฝภดฯดู. 
47 วเ: grdDataภว BackColorAlternate ผำผบ ภฬธงภฬ ภ฿ธ๘ตวพ๚ฝภดฯดู. 
48 วเ: grdDataภว GridColor ผำผบ ภฬธงภฬ ภ฿ธ๘ตวพ๚ฝภดฯดู. 
49 วเ: grdDataภว GridColorFixed ผำผบ ภฬธงภฬ ภ฿ธ๘ตวพ๚ฝภดฯดู. 
50 วเ: grdDataภว TreeColor ผำผบ ภฬธงภฬ ภ฿ธ๘ตวพ๚ฝภดฯดู. 
51 วเ: grdDataภว FloodColor ผำผบ ภฬธงภฬ ภ฿ธ๘ตวพ๚ฝภดฯดู. 
52 วเ: grdDataภว SheetBorder ผำผบ ภฬธงภฬ ภ฿ธ๘ตวพ๚ฝภดฯดู. 
53 วเ: grdDataภว FocusRect ผำผบ ภฬธงภฬ ภ฿ธ๘ตวพ๚ฝภดฯดู. 
54 วเ: grdDataภว HighLight ผำผบ ภฬธงภฬ ภ฿ธ๘ตวพ๚ฝภดฯดู. 
55 วเ: grdDataภว AllowSelection ผำผบ ภฬธงภฬ ภ฿ธ๘ตวพ๚ฝภดฯดู. 
56 วเ: grdDataภว AllowBigSelection ผำผบ ภฬธงภฬ ภ฿ธ๘ตวพ๚ฝภดฯดู. 
57 วเ: grdDataภว AllowUserResizing ผำผบ ภฬธงภฬ ภ฿ธ๘ตวพ๚ฝภดฯดู. 
58 วเ: grdDataภว SelectionMode ผำผบ ภฬธงภฬ ภ฿ธ๘ตวพ๚ฝภดฯดู. 
59 วเ: grdDataภว GridLines ผำผบ ภฬธงภฬ ภ฿ธ๘ตวพ๚ฝภดฯดู. 
60 วเ: grdDataภว GridLinesFixed ผำผบ ภฬธงภฬ ภ฿ธ๘ตวพ๚ฝภดฯดู. 
61 วเ: grdDataภว GridLineWidth ผำผบ ภฬธงภฬ ภ฿ธ๘ตวพ๚ฝภดฯดู. 
62 วเ: grdDataภว Rows ผำผบ ภฬธงภฬ ภ฿ธ๘ตวพ๚ฝภดฯดู. 
63 วเ: grdDataภว Cols ผำผบ ภฬธงภฬ ภ฿ธ๘ตวพ๚ฝภดฯดู. 
64 วเ: grdDataภว FixedRows ผำผบ ภฬธงภฬ ภ฿ธ๘ตวพ๚ฝภดฯดู. 
65 วเ: grdDataภว FixedCols ผำผบ ภฬธงภฬ ภ฿ธ๘ตวพ๚ฝภดฯดู. 
66 วเ: grdDataภว RowHeightMin ผำผบ ภฬธงภฬ ภ฿ธ๘ตวพ๚ฝภดฯดู. 
67 วเ: grdDataภว RowHeightMax ผำผบ ภฬธงภฬ ภ฿ธ๘ตวพ๚ฝภดฯดู. 
68 วเ: grdDataภว ColWidthMin ผำผบ ภฬธงภฬ ภ฿ธ๘ตวพ๚ฝภดฯดู. 
69 วเ: grdDataภว ColWidthMax ผำผบ ภฬธงภฬ ภ฿ธ๘ตวพ๚ฝภดฯดู. 
70 วเ: grdDataภว ExtendLastCol ผำผบ ภฬธงภฬ ภ฿ธ๘ตวพ๚ฝภดฯดู. 
71 วเ: grdDataภว FormatString ผำผบ ภฬธงภฬ ภ฿ธ๘ตวพ๚ฝภดฯดู. 
72 วเ: grdDataภว ScrollTrack ผำผบ ภฬธงภฬ ภ฿ธ๘ตวพ๚ฝภดฯดู. 
73 วเ: grdDataภว ScrollBars ผำผบ ภฬธงภฬ ภ฿ธ๘ตวพ๚ฝภดฯดู. 
74 วเ: grdDataภว ScrollTips ผำผบ ภฬธงภฬ ภ฿ธ๘ตวพ๚ฝภดฯดู. 
75 วเ: grdDataภว MergeCells ผำผบ ภฬธงภฬ ภ฿ธ๘ตวพ๚ฝภดฯดู. 
76 วเ: grdDataภว MergeCompare ผำผบ ภฬธงภฬ ภ฿ธ๘ตวพ๚ฝภดฯดู. 
77 วเ: grdDataภว AutoResize ผำผบ ภฬธงภฬ ภ฿ธ๘ตวพ๚ฝภดฯดู. 
78 วเ: grdDataภว AutoSizeMode ผำผบ ภฬธงภฬ ภ฿ธ๘ตวพ๚ฝภดฯดู. 
79 วเ: grdDataภว AutoSearch ผำผบ ภฬธงภฬ ภ฿ธ๘ตวพ๚ฝภดฯดู. 
80 วเ: grdDataภว AutoSearchDelay ผำผบ ภฬธงภฬ ภ฿ธ๘ตวพ๚ฝภดฯดู. 
81 วเ: grdDataภว MultiTotals ผำผบ ภฬธงภฬ ภ฿ธ๘ตวพ๚ฝภดฯดู. 
82 วเ: grdDataภว SubtotalPosition ผำผบ ภฬธงภฬ ภ฿ธ๘ตวพ๚ฝภดฯดู. 
83 วเ: grdDataภว OutlineBar ผำผบ ภฬธงภฬ ภ฿ธ๘ตวพ๚ฝภดฯดู. 
84 วเ: grdDataภว OutlineCol ผำผบ ภฬธงภฬ ภ฿ธ๘ตวพ๚ฝภดฯดู. 
85 วเ: grdDataภว Ellipsis ผำผบ ภฬธงภฬ ภ฿ธ๘ตวพ๚ฝภดฯดู. 
86 วเ: grdDataภว ExplorerBar ผำผบ ภฬธงภฬ ภ฿ธ๘ตวพ๚ฝภดฯดู. 
87 วเ: grdDataภว PicturesOver ผำผบ ภฬธงภฬ ภ฿ธ๘ตวพ๚ฝภดฯดู. 
90 วเ: grdDataภว PictureType ผำผบ ภฬธงภฬ ภ฿ธ๘ตวพ๚ฝภดฯดู. 
91 วเ: grdDataภว TabBehavior ผำผบ ภฬธงภฬ ภ฿ธ๘ตวพ๚ฝภดฯดู. 
92 วเ: grdDataภว OwnerDraw ผำผบ ภฬธงภฬ ภ฿ธ๘ตวพ๚ฝภดฯดู. 
93 วเ: grdDataภว Editable ผำผบ ภฬธงภฬ ภ฿ธ๘ตวพ๚ฝภดฯดู. 
94 วเ: grdDataภว ShowComboButton ผำผบ ภฬธงภฬ ภ฿ธ๘ตวพ๚ฝภดฯดู. 
95 วเ: grdDataภว WordWrap ผำผบ ภฬธงภฬ ภ฿ธ๘ตวพ๚ฝภดฯดู. 
96 วเ: grdDataภว TextStyle ผำผบ ภฬธงภฬ ภ฿ธ๘ตวพ๚ฝภดฯดู. 
97 วเ: grdDataภว TextStyleFixed ผำผบ ภฬธงภฬ ภ฿ธ๘ตวพ๚ฝภดฯดู. 
100 วเ: grdDataภว ComboSearch ผำผบ ภฬธงภฬ ภ฿ธ๘ตวพ๚ฝภดฯดู. 
101 วเ: grdDataภว AutoSizeMouse ผำผบ ภฬธงภฬ ภ฿ธ๘ตวพ๚ฝภดฯดู. 
102 วเ: grdDataภว FrozenRows ผำผบ ภฬธงภฬ ภ฿ธ๘ตวพ๚ฝภดฯดู. 
103 วเ: grdDataภว FrozenCols ผำผบ ภฬธงภฬ ภ฿ธ๘ตวพ๚ฝภดฯดู. 
104 วเ: grdDataภว AllowUserFreezing ผำผบ ภฬธงภฬ ภ฿ธ๘ตวพ๚ฝภดฯดู. 
105 วเ: grdDataภว BackColorFrozen ผำผบ ภฬธงภฬ ภ฿ธ๘ตวพ๚ฝภดฯดู. 
106 วเ: grdDataภว ForeColorFrozen ผำผบ ภฬธงภฬ ภ฿ธ๘ตวพ๚ฝภดฯดู. 
107 วเ: grdDataภว WallPaperAlignment ผำผบ ภฬธงภฬ ภ฿ธ๘ตวพ๚ฝภดฯดู. 
116 วเ: pnlMsgภว _ExtentX ผำผบ ภฬธงภฬ ภ฿ธ๘ตวพ๚ฝภดฯดู. 
117 วเ: pnlMsgภว _ExtentY ผำผบ ภฬธงภฬ ภ฿ธ๘ตวพ๚ฝภดฯดู. 
118 วเ: pnlMsgภว _Version ผำผบ ภฬธงภฬ ภ฿ธ๘ตวพ๚ฝภดฯดู. 
120 วเ: pnlMsgภว RoundedCorners ผำผบ ภฬธงภฬ ภ฿ธ๘ตวพ๚ฝภดฯดู. 
121 วเ: pnlMsgภว Outline ผำผบ ภฬธงภฬ ภ฿ธ๘ตวพ๚ฝภดฯดู. 
122 วเ: pnlMsgภว FloodShowPct ผำผบ ภฬธงภฬ ภ฿ธ๘ตวพ๚ฝภดฯดู. 
130 วเ: pnlEditภว _ExtentX ผำผบ ภฬธงภฬ ภ฿ธ๘ตวพ๚ฝภดฯดู. 
131 วเ: pnlEditภว _ExtentY ผำผบ ภฬธงภฬ ภ฿ธ๘ตวพ๚ฝภดฯดู. 
132 วเ: pnlEditภว _Version ผำผบ ภฬธงภฬ ภ฿ธ๘ตวพ๚ฝภดฯดู. 
133 วเ: pnlEditภว BevelOuter ผำผบ ภฬธงภฬ ภ฿ธ๘ตวพ๚ฝภดฯดู. 
134 วเ: pnlEditภว RoundedCorners ผำผบ ภฬธงภฬ ภ฿ธ๘ตวพ๚ฝภดฯดู. 
135 วเ: pnlEditภว FloodShowPct ผำผบ ภฬธงภฬ ภ฿ธ๘ตวพ๚ฝภดฯดู. 
142 วเ: txtNameภว _ExtentX ผำผบ ภฬธงภฬ ภ฿ธ๘ตวพ๚ฝภดฯดู. 
143 วเ: txtNameภว _ExtentY ผำผบ ภฬธงภฬ ภ฿ธ๘ตวพ๚ฝภดฯดู. 
153 วเ: txtNameภว MaxLength ผำผบ ภฬธงภฬ ภ฿ธ๘ตวพ๚ฝภดฯดู. 
161 วเ: txtCodeภว _ExtentX ผำผบ ภฬธงภฬ ภ฿ธ๘ตวพ๚ฝภดฯดู. 
162 วเ: txtCodeภว _ExtentY ผำผบ ภฬธงภฬ ภ฿ธ๘ตวพ๚ฝภดฯดู. 
172 วเ: txtCodeภว MaxLength ผำผบ ภฬธงภฬ ภ฿ธ๘ตวพ๚ฝภดฯดู. 
182 วเ: pnlCaptionภว _ExtentX ผำผบ ภฬธงภฬ ภ฿ธ๘ตวพ๚ฝภดฯดู. 
183 วเ: pnlCaptionภว _ExtentY ผำผบ ภฬธงภฬ ภ฿ธ๘ตวพ๚ฝภดฯดู. 
184 วเ: pnlCaptionภว _Version ผำผบ ภฬธงภฬ ภ฿ธ๘ตวพ๚ฝภดฯดู. 
185 วเ: pnlCaptionภว Caption ผำผบ ภฬธงภฬ ภ฿ธ๘ตวพ๚ฝภดฯดู. 
186 วเ: pnlCaptionภว BevelOuter ผำผบ ภฬธงภฬ ภ฿ธ๘ตวพ๚ฝภดฯดู. 
187 วเ: pnlCaptionภว RoundedCorners ผำผบ ภฬธงภฬ ภ฿ธ๘ตวพ๚ฝภดฯดู. 
188 วเ: pnlCaptionภว FloodShowPct ผำผบ ภฬธงภฬ ภ฿ธ๘ตวพ๚ฝภดฯดู. 
197 วเ: pnlCaptionภว _ExtentX ผำผบ ภฬธงภฬ ภ฿ธ๘ตวพ๚ฝภดฯดู. 
198 วเ: pnlCaptionภว _ExtentY ผำผบ ภฬธงภฬ ภ฿ธ๘ตวพ๚ฝภดฯดู. 
199 วเ: pnlCaptionภว _Version ผำผบ ภฬธงภฬ ภ฿ธ๘ตวพ๚ฝภดฯดู. 
200 วเ: pnlCaptionภว Caption ผำผบ ภฬธงภฬ ภ฿ธ๘ตวพ๚ฝภดฯดู. 
201 วเ: pnlCaptionภว BevelOuter ผำผบ ภฬธงภฬ ภ฿ธ๘ตวพ๚ฝภดฯดู. 
202 วเ: pnlCaptionภว RoundedCorners ผำผบ ภฬธงภฬ ภ฿ธ๘ตวพ๚ฝภดฯดู. 
203 วเ: pnlCaptionภว FloodShowPct ผำผบ ภฬธงภฬ ภ฿ธ๘ตวพ๚ฝภดฯดู. 
212 วเ: cmdExitภว _ExtentX ผำผบ ภฬธงภฬ ภ฿ธ๘ตวพ๚ฝภดฯดู. 
213 วเ: cmdExitภว _ExtentY ผำผบ ภฬธงภฬ ภ฿ธ๘ตวพ๚ฝภดฯดู. 
214 วเ: cmdExitภว _Version ผำผบ ภฬธงภฬ ภ฿ธ๘ตวพ๚ฝภดฯดู. 
215 วเ: cmdExitภว Caption ผำผบ ภฬธงภฬ ภ฿ธ๘ตวพ๚ฝภดฯดู. 
216 วเ: cmdExitภว PictureAlignment ผำผบ ภฬธงภฬ ภ฿ธ๘ตวพ๚ฝภดฯดู. 
217 วเ: cmdExitภว RoundedCorners ผำผบ ภฬธงภฬ ภ฿ธ๘ตวพ๚ฝภดฯดู. 
225 วเ: tabFormภว _ExtentX ผำผบ ภฬธงภฬ ภ฿ธ๘ตวพ๚ฝภดฯดู. 
226 วเ: tabFormภว _ExtentY ผำผบ ภฬธงภฬ ภ฿ธ๘ตวพ๚ฝภดฯดู. 
227 วเ: tabFormภว _Version ผำผบ ภฬธงภฬ ภ฿ธ๘ตวพ๚ฝภดฯดู. 
228 วเ: tabFormภว TabOrientation ผำผบ ภฬธงภฬ ภ฿ธ๘ตวพ๚ฝภดฯดู. 
229 วเ: tabFormภว Style ผำผบ ภฬธงภฬ ภ฿ธ๘ตวพ๚ฝภดฯดู. 
230 วเ: tabFormภว Tabs ผำผบ ภฬธงภฬ ภ฿ธ๘ตวพ๚ฝภดฯดู. 
231 วเ: tabFormภว TabsPerRow ผำผบ ภฬธงภฬ ภ฿ธ๘ตวพ๚ฝภดฯดู. 
232 วเ: tabFormภว TabHeight ผำผบ ภฬธงภฬ ภ฿ธ๘ตวพ๚ฝภดฯดู. 
233 วเ: tabFormภว TabCaption(0) ผำผบ ภฬธงภฬ ภ฿ธ๘ตวพ๚ฝภดฯดู. 
234 วเ: tabFormภว TabPicture(0) ผำผบ ภฬธงภฬ ภ฿ธ๘ตวพ๚ฝภดฯดู. 
235 วเ: tabFormภว Tab(0).ControlEnabled ผำผบ ภฬธงภฬ ภ฿ธ๘ตวพ๚ฝภดฯดู. 
236 วเ: tabFormภว Tab(0).ControlCount ผำผบ ภฬธงภฬ ภ฿ธ๘ตวพ๚ฝภดฯดู. 
237 วเ: tabFormภว TabCaption(1) ผำผบ ภฬธงภฬ ภ฿ธ๘ตวพ๚ฝภดฯดู. 
238 วเ: tabFormภว TabPicture(1) ผำผบ ภฬธงภฬ ภ฿ธ๘ตวพ๚ฝภดฯดู. 
239 วเ: tabFormภว Tab(1).ControlEnabled ผำผบ ภฬธงภฬ ภ฿ธ๘ตวพ๚ฝภดฯดู. 
240 วเ: tabFormภว Tab(1).ControlCount ผำผบ ภฬธงภฬ ภ฿ธ๘ตวพ๚ฝภดฯดู. 
241 วเ: tabFormภว TabCaption(2) ผำผบ ภฬธงภฬ ภ฿ธ๘ตวพ๚ฝภดฯดู. 
242 วเ: tabFormภว TabPicture(2) ผำผบ ภฬธงภฬ ภ฿ธ๘ตวพ๚ฝภดฯดู. 
243 วเ: tabFormภว Tab(2).ControlEnabled ผำผบ ภฬธงภฬ ภ฿ธ๘ตวพ๚ฝภดฯดู. 
244 วเ: tabFormภว Tab(2).ControlCount ผำผบ ภฬธงภฬ ภ฿ธ๘ตวพ๚ฝภดฯดู. 
245 วเ: tabFormภว TabCaption(3) ผำผบ ภฬธงภฬ ภ฿ธ๘ตวพ๚ฝภดฯดู. 
246 วเ: tabFormภว TabPicture(3) ผำผบ ภฬธงภฬ ภ฿ธ๘ตวพ๚ฝภดฯดู. 
247 วเ: tabFormภว Tab(3).ControlEnabled ผำผบ ภฬธงภฬ ภ฿ธ๘ตวพ๚ฝภดฯดู. 
248 วเ: tabFormภว Tab(3).ControlCount ผำผบ ภฬธงภฬ ภ฿ธ๘ตวพ๚ฝภดฯดู. 
257 วเ: pnlBoardภว _ExtentX ผำผบ ภฬธงภฬ ภ฿ธ๘ตวพ๚ฝภดฯดู. 
258 วเ: pnlBoardภว _ExtentY ผำผบ ภฬธงภฬ ภ฿ธ๘ตวพ๚ฝภดฯดู. 
259 วเ: pnlBoardภว _Version ผำผบ ภฬธงภฬ ภ฿ธ๘ตวพ๚ฝภดฯดู. 
260 วเ: pnlBoardภว RoundedCorners ผำผบ ภฬธงภฬ ภ฿ธ๘ตวพ๚ฝภดฯดู. 
261 วเ: pnlBoardภว FloodShowPct ผำผบ ภฬธงภฬ ภ฿ธ๘ตวพ๚ฝภดฯดู. 
331 วเ: pnlSearchภว _ExtentX ผำผบ ภฬธงภฬ ภ฿ธ๘ตวพ๚ฝภดฯดู. 
332 วเ: pnlSearchภว _ExtentY ผำผบ ภฬธงภฬ ภ฿ธ๘ตวพ๚ฝภดฯดู. 
333 วเ: pnlSearchภว _Version ผำผบ ภฬธงภฬ ภ฿ธ๘ตวพ๚ฝภดฯดู. 
334 วเ: pnlSearchภว RoundedCorners ผำผบ ภฬธงภฬ ภ฿ธ๘ตวพ๚ฝภดฯดู. 
335 วเ: pnlSearchภว FloodShowPct ผำผบ ภฬธงภฬ ภ฿ธ๘ตวพ๚ฝภดฯดู. 
350 วเ: pnlCaptionภว _ExtentX ผำผบ ภฬธงภฬ ภ฿ธ๘ตวพ๚ฝภดฯดู. 
351 วเ: pnlCaptionภว _ExtentY ผำผบ ภฬธงภฬ ภ฿ธ๘ตวพ๚ฝภดฯดู. 
352 วเ: pnlCaptionภว _Version ผำผบ ภฬธงภฬ ภ฿ธ๘ตวพ๚ฝภดฯดู. 
353 วเ: pnlCaptionภว Caption ผำผบ ภฬธงภฬ ภ฿ธ๘ตวพ๚ฝภดฯดู. 
354 วเ: pnlCaptionภว BevelOuter ผำผบ ภฬธงภฬ ภ฿ธ๘ตวพ๚ฝภดฯดู. 
355 วเ: pnlCaptionภว RoundedCorners ผำผบ ภฬธงภฬ ภ฿ธ๘ตวพ๚ฝภดฯดู. 
356 วเ: pnlCaptionภว FloodShowPct ผำผบ ภฬธงภฬ ภ฿ธ๘ตวพ๚ฝภดฯดู. 
366 วเ: cmdAllภว _ExtentX ผำผบ ภฬธงภฬ ภ฿ธ๘ตวพ๚ฝภดฯดู. 
367 วเ: cmdAllภว _ExtentY ผำผบ ภฬธงภฬ ภ฿ธ๘ตวพ๚ฝภดฯดู. 
368 วเ: cmdAllภว _Version ผำผบ ภฬธงภฬ ภ฿ธ๘ตวพ๚ฝภดฯดู. 
370 วเ: cmdAllภว CaptionStyle ผำผบ ภฬธงภฬ ภ฿ธ๘ตวพ๚ฝภดฯดู. 
371 วเ: cmdAllภว PictureAnimationEnabled ผำผบ ภฬธงภฬ ภ฿ธ๘ตวพ๚ฝภดฯดู. 
372 วเ: cmdAllภว Alignment ผำผบ ภฬธงภฬ ภ฿ธ๘ตวพ๚ฝภดฯดู. 
373 วเ: cmdAllภว PictureAlignment ผำผบ ภฬธงภฬ ภ฿ธ๘ตวพ๚ฝภดฯดู. 
374 วเ: cmdAllภว BevelWidth ผำผบ ภฬธงภฬ ภ฿ธ๘ตวพ๚ฝภดฯดู. 
375 วเ: cmdAllภว ShapeSize ผำผบ ภฬธงภฬ ภ฿ธ๘ตวพ๚ฝภดฯดู. 
376 วเ: cmdAllภว RoundedCorners ผำผบ ภฬธงภฬ ภ฿ธ๘ตวพ๚ฝภดฯดู. 
