16 วเ: pnlPrn ฤมฦฎทัภว Threed.SSPanel ลฌทกฝบดย ทฮตๅวั ฤมฦฎทั ลฌทกฝบฐก พฦดีดฯดู.
32 วเ: SSPanel4 ฤมฦฎทัภว Threed.SSPanel ลฌทกฝบดย ทฮตๅวั ฤมฦฎทั ลฌทกฝบฐก พฦดีดฯดู.
53 วเ: cmdPrnCancel ฤมฦฎทัภว Threed.SSCommand ลฌทกฝบดย ทฮตๅวั ฤมฦฎทั ลฌทกฝบฐก พฦดีดฯดู.
64 วเ: cmdPrnOK ฤมฦฎทัภว Threed.SSCommand ลฌทกฝบดย ทฮตๅวั ฤมฦฎทั ลฌทกฝบฐก พฦดีดฯดู.
75 วเ: SSPanel5 ฤมฦฎทัภว Threed.SSPanel ลฌทกฝบดย ทฮตๅวั ฤมฦฎทั ลฌทกฝบฐก พฦดีดฯดู.
91 วเ: SSPanel9 ฤมฦฎทัภว Threed.SSPanel ลฌทกฝบดย ทฮตๅวั ฤมฦฎทั ลฌทกฝบฐก พฦดีดฯดู.
122 วเ: SSPanel5 ฤมฦฎทัภว Threed.SSPanel ลฌทกฝบดย ทฮตๅวั ฤมฦฎทั ลฌทกฝบฐก พฦดีดฯดู.
145 วเ: grdData ฤมฦฎทัภว VSFlex7LCtl.VSFlexGrid ลฌทกฝบดย ทฮตๅวั ฤมฦฎทั ลฌทกฝบฐก พฦดีดฯดู.
237 วเ: frmSearch ฤมฦฎทัภว Threed.SSFrame ลฌทกฝบดย ทฮตๅวั ฤมฦฎทั ลฌทกฝบฐก พฦดีดฯดู.
279 วเ: pnlCaption ฤมฦฎทัภว Threed.SSPanel ลฌทกฝบดย ทฮตๅวั ฤมฦฎทั ลฌทกฝบฐก พฦดีดฯดู.
301 วเ: cmdFind ฤมฦฎทัภว Threed.SSCommand ลฌทกฝบดย ทฮตๅวั ฤมฦฎทั ลฌทกฝบฐก พฦดีดฯดู.
315 วเ: pnlCaption ฤมฦฎทัภว Threed.SSPanel ลฌทกฝบดย ทฮตๅวั ฤมฦฎทั ลฌทกฝบฐก พฦดีดฯดู.
346 วเ: cmdFind ฤมฦฎทัภว Threed.SSCommand ลฌทกฝบดย ทฮตๅวั ฤมฦฎทั ลฌทกฝบฐก พฦดีดฯดู.
369 วเ: pnlCaption ฤมฦฎทัภว Threed.SSPanel ลฌทกฝบดย ทฮตๅวั ฤมฦฎทั ลฌทกฝบฐก พฦดีดฯดู.
383 วเ: pnlCaption ฤมฦฎทัภว Threed.SSPanel ลฌทกฝบดย ทฮตๅวั ฤมฦฎทั ลฌทกฝบฐก พฦดีดฯดู.
405 วเ: cmdFind ฤมฦฎทัภว Threed.SSCommand ลฌทกฝบดย ทฮตๅวั ฤมฦฎทั ลฌทกฝบฐก พฦดีดฯดู.
419 วเ: cmdSearch ฤมฦฎทัภว Threed.SSCommand ลฌทกฝบดย ทฮตๅวั ฤมฦฎทั ลฌทกฝบฐก พฦดีดฯดู.
433 วเ: cmdPrint ฤมฦฎทัภว Threed.SSCommand ลฌทกฝบดย ทฮตๅวั ฤมฦฎทั ลฌทกฝบฐก พฦดีดฯดู.
448 วเ: cmdExit ฤมฦฎทัภว Threed.SSCommand ลฌทกฝบดย ทฮตๅวั ฤมฦฎทั ลฌทกฝบฐก พฦดีดฯดู.
461 วเ: grdData ฤมฦฎทัภว VSFlex7LCtl.VSFlexGrid ลฌทกฝบดย ทฮตๅวั ฤมฦฎทั ลฌทกฝบฐก พฦดีดฯดู.
22 วเ: pnlPrnภว _ExtentX ผำผบ ภฬธงภฬ ภ฿ธ๘ตวพ๚ฝภดฯดู. 
23 วเ: pnlPrnภว _ExtentY ผำผบ ภฬธงภฬ ภ฿ธ๘ตวพ๚ฝภดฯดู. 
24 วเ: pnlPrnภว _Version ผำผบ ภฬธงภฬ ภ฿ธ๘ตวพ๚ฝภดฯดู. 
27 วเ: pnlPrnภว PictureMaskColor ผำผบ ภฬธงภฬ ภ฿ธ๘ตวพ๚ฝภดฯดู. 
28 วเ: pnlPrnภว BevelWidth ผำผบ ภฬธงภฬ ภ฿ธ๘ตวพ๚ฝภดฯดู. 
29 วเ: pnlPrnภว FloodColor ผำผบ ภฬธงภฬ ภ฿ธ๘ตวพ๚ฝภดฯดู. 
30 วเ: pnlPrnภว RoundedCorners ผำผบ ภฬธงภฬ ภ฿ธ๘ตวพ๚ฝภดฯดู. 
31 วเ: pnlPrnภว FloodShowPct ผำผบ ภฬธงภฬ ภ฿ธ๘ตวพ๚ฝภดฯดู. 
38 วเ: SSPanel4ภว _ExtentX ผำผบ ภฬธงภฬ ภ฿ธ๘ตวพ๚ฝภดฯดู. 
39 วเ: SSPanel4ภว _ExtentY ผำผบ ภฬธงภฬ ภ฿ธ๘ตวพ๚ฝภดฯดู. 
40 วเ: SSPanel4ภว _Version ผำผบ ภฬธงภฬ ภ฿ธ๘ตวพ๚ฝภดฯดู. 
41 วเ: SSPanel4ภว Caption ผำผบ ภฬธงภฬ ภ฿ธ๘ตวพ๚ฝภดฯดู. 
42 วเ: SSPanel4ภว RoundedCorners ผำผบ ภฬธงภฬ ภ฿ธ๘ตวพ๚ฝภดฯดู. 
43 วเ: SSPanel4ภว FloodShowPct ผำผบ ภฬธงภฬ ภ฿ธ๘ตวพ๚ฝภดฯดู. 
59 วเ: cmdPrnCancelภว _ExtentX ผำผบ ภฬธงภฬ ภ฿ธ๘ตวพ๚ฝภดฯดู. 
60 วเ: cmdPrnCancelภว _ExtentY ผำผบ ภฬธงภฬ ภ฿ธ๘ตวพ๚ฝภดฯดู. 
61 วเ: cmdPrnCancelภว _Version ผำผบ ภฬธงภฬ ภ฿ธ๘ตวพ๚ฝภดฯดู. 
62 วเ: cmdPrnCancelภว Caption ผำผบ ภฬธงภฬ ภ฿ธ๘ตวพ๚ฝภดฯดู. 
70 วเ: cmdPrnOKภว _ExtentX ผำผบ ภฬธงภฬ ภ฿ธ๘ตวพ๚ฝภดฯดู. 
71 วเ: cmdPrnOKภว _ExtentY ผำผบ ภฬธงภฬ ภ฿ธ๘ตวพ๚ฝภดฯดู. 
72 วเ: cmdPrnOKภว _Version ผำผบ ภฬธงภฬ ภ฿ธ๘ตวพ๚ฝภดฯดู. 
73 วเ: cmdPrnOKภว Caption ผำผบ ภฬธงภฬ ภ฿ธ๘ตวพ๚ฝภดฯดู. 
82 วเ: SSPanel5ภว _ExtentX ผำผบ ภฬธงภฬ ภ฿ธ๘ตวพ๚ฝภดฯดู. 
83 วเ: SSPanel5ภว _ExtentY ผำผบ ภฬธงภฬ ภ฿ธ๘ตวพ๚ฝภดฯดู. 
84 วเ: SSPanel5ภว _Version ผำผบ ภฬธงภฬ ภ฿ธ๘ตวพ๚ฝภดฯดู. 
87 วเ: SSPanel5ภว Caption ผำผบ ภฬธงภฬ ภ฿ธ๘ตวพ๚ฝภดฯดู. 
88 วเ: SSPanel5ภว RoundedCorners ผำผบ ภฬธงภฬ ภ฿ธ๘ตวพ๚ฝภดฯดู. 
89 วเ: SSPanel5ภว FloodShowPct ผำผบ ภฬธงภฬ ภ฿ธ๘ตวพ๚ฝภดฯดู. 
97 วเ: SSPanel9ภว _ExtentX ผำผบ ภฬธงภฬ ภ฿ธ๘ตวพ๚ฝภดฯดู. 
98 วเ: SSPanel9ภว _ExtentY ผำผบ ภฬธงภฬ ภ฿ธ๘ตวพ๚ฝภดฯดู. 
99 วเ: SSPanel9ภว _Version ผำผบ ภฬธงภฬ ภ฿ธ๘ตวพ๚ฝภดฯดู. 
100 วเ: SSPanel9ภว RoundedCorners ผำผบ ภฬธงภฬ ภ฿ธ๘ตวพ๚ฝภดฯดู. 
101 วเ: SSPanel9ภว FloodShowPct ผำผบ ภฬธงภฬ ภ฿ธ๘ตวพ๚ฝภดฯดู. 
129 วเ: SSPanel5ภว _ExtentX ผำผบ ภฬธงภฬ ภ฿ธ๘ตวพ๚ฝภดฯดู. 
130 วเ: SSPanel5ภว _ExtentY ผำผบ ภฬธงภฬ ภ฿ธ๘ตวพ๚ฝภดฯดู. 
131 วเ: SSPanel5ภว _Version ผำผบ ภฬธงภฬ ภ฿ธ๘ตวพ๚ฝภดฯดู. 
132 วเ: SSPanel5ภว Caption ผำผบ ภฬธงภฬ ภ฿ธ๘ตวพ๚ฝภดฯดู. 
133 วเ: SSPanel5ภว RoundedCorners ผำผบ ภฬธงภฬ ภ฿ธ๘ตวพ๚ฝภดฯดู. 
134 วเ: SSPanel5ภว FloodShowPct ผำผบ ภฬธงภฬ ภ฿ธ๘ตวพ๚ฝภดฯดู. 
152 วเ: grdDataภว _cx ผำผบ ภฬธงภฬ ภ฿ธ๘ตวพ๚ฝภดฯดู. 
153 วเ: grdDataภว _cy ผำผบ ภฬธงภฬ ภ฿ธ๘ตวพ๚ฝภดฯดู. 
154 วเ: grdDataภว _ConvInfo ผำผบ ภฬธงภฬ ภ฿ธ๘ตวพ๚ฝภดฯดู. 
170 วเ: grdDataภว BackColorFixed ผำผบ ภฬธงภฬ ภ฿ธ๘ตวพ๚ฝภดฯดู. 
171 วเ: grdDataภว ForeColorFixed ผำผบ ภฬธงภฬ ภ฿ธ๘ตวพ๚ฝภดฯดู. 
172 วเ: grdDataภว BackColorSel ผำผบ ภฬธงภฬ ภ฿ธ๘ตวพ๚ฝภดฯดู. 
173 วเ: grdDataภว ForeColorSel ผำผบ ภฬธงภฬ ภ฿ธ๘ตวพ๚ฝภดฯดู. 
174 วเ: grdDataภว BackColorBkg ผำผบ ภฬธงภฬ ภ฿ธ๘ตวพ๚ฝภดฯดู. 
175 วเ: grdDataภว BackColorAlternate ผำผบ ภฬธงภฬ ภ฿ธ๘ตวพ๚ฝภดฯดู. 
176 วเ: grdDataภว GridColor ผำผบ ภฬธงภฬ ภ฿ธ๘ตวพ๚ฝภดฯดู. 
177 วเ: grdDataภว GridColorFixed ผำผบ ภฬธงภฬ ภ฿ธ๘ตวพ๚ฝภดฯดู. 
178 วเ: grdDataภว TreeColor ผำผบ ภฬธงภฬ ภ฿ธ๘ตวพ๚ฝภดฯดู. 
179 วเ: grdDataภว FloodColor ผำผบ ภฬธงภฬ ภ฿ธ๘ตวพ๚ฝภดฯดู. 
180 วเ: grdDataภว SheetBorder ผำผบ ภฬธงภฬ ภ฿ธ๘ตวพ๚ฝภดฯดู. 
181 วเ: grdDataภว FocusRect ผำผบ ภฬธงภฬ ภ฿ธ๘ตวพ๚ฝภดฯดู. 
182 วเ: grdDataภว HighLight ผำผบ ภฬธงภฬ ภ฿ธ๘ตวพ๚ฝภดฯดู. 
183 วเ: grdDataภว AllowSelection ผำผบ ภฬธงภฬ ภ฿ธ๘ตวพ๚ฝภดฯดู. 
184 วเ: grdDataภว AllowBigSelection ผำผบ ภฬธงภฬ ภ฿ธ๘ตวพ๚ฝภดฯดู. 
185 วเ: grdDataภว AllowUserResizing ผำผบ ภฬธงภฬ ภ฿ธ๘ตวพ๚ฝภดฯดู. 
186 วเ: grdDataภว SelectionMode ผำผบ ภฬธงภฬ ภ฿ธ๘ตวพ๚ฝภดฯดู. 
187 วเ: grdDataภว GridLines ผำผบ ภฬธงภฬ ภ฿ธ๘ตวพ๚ฝภดฯดู. 
188 วเ: grdDataภว GridLinesFixed ผำผบ ภฬธงภฬ ภ฿ธ๘ตวพ๚ฝภดฯดู. 
189 วเ: grdDataภว GridLineWidth ผำผบ ภฬธงภฬ ภ฿ธ๘ตวพ๚ฝภดฯดู. 
190 วเ: grdDataภว Rows ผำผบ ภฬธงภฬ ภ฿ธ๘ตวพ๚ฝภดฯดู. 
191 วเ: grdDataภว Cols ผำผบ ภฬธงภฬ ภ฿ธ๘ตวพ๚ฝภดฯดู. 
192 วเ: grdDataภว FixedRows ผำผบ ภฬธงภฬ ภ฿ธ๘ตวพ๚ฝภดฯดู. 
193 วเ: grdDataภว FixedCols ผำผบ ภฬธงภฬ ภ฿ธ๘ตวพ๚ฝภดฯดู. 
194 วเ: grdDataภว RowHeightMin ผำผบ ภฬธงภฬ ภ฿ธ๘ตวพ๚ฝภดฯดู. 
195 วเ: grdDataภว RowHeightMax ผำผบ ภฬธงภฬ ภ฿ธ๘ตวพ๚ฝภดฯดู. 
196 วเ: grdDataภว ColWidthMin ผำผบ ภฬธงภฬ ภ฿ธ๘ตวพ๚ฝภดฯดู. 
197 วเ: grdDataภว ColWidthMax ผำผบ ภฬธงภฬ ภ฿ธ๘ตวพ๚ฝภดฯดู. 
198 วเ: grdDataภว ExtendLastCol ผำผบ ภฬธงภฬ ภ฿ธ๘ตวพ๚ฝภดฯดู. 
199 วเ: grdDataภว FormatString ผำผบ ภฬธงภฬ ภ฿ธ๘ตวพ๚ฝภดฯดู. 
200 วเ: grdDataภว ScrollTrack ผำผบ ภฬธงภฬ ภ฿ธ๘ตวพ๚ฝภดฯดู. 
201 วเ: grdDataภว ScrollBars ผำผบ ภฬธงภฬ ภ฿ธ๘ตวพ๚ฝภดฯดู. 
202 วเ: grdDataภว ScrollTips ผำผบ ภฬธงภฬ ภ฿ธ๘ตวพ๚ฝภดฯดู. 
203 วเ: grdDataภว MergeCells ผำผบ ภฬธงภฬ ภ฿ธ๘ตวพ๚ฝภดฯดู. 
204 วเ: grdDataภว MergeCompare ผำผบ ภฬธงภฬ ภ฿ธ๘ตวพ๚ฝภดฯดู. 
205 วเ: grdDataภว AutoResize ผำผบ ภฬธงภฬ ภ฿ธ๘ตวพ๚ฝภดฯดู. 
206 วเ: grdDataภว AutoSizeMode ผำผบ ภฬธงภฬ ภ฿ธ๘ตวพ๚ฝภดฯดู. 
207 วเ: grdDataภว AutoSearch ผำผบ ภฬธงภฬ ภ฿ธ๘ตวพ๚ฝภดฯดู. 
208 วเ: grdDataภว AutoSearchDelay ผำผบ ภฬธงภฬ ภ฿ธ๘ตวพ๚ฝภดฯดู. 
209 วเ: grdDataภว MultiTotals ผำผบ ภฬธงภฬ ภ฿ธ๘ตวพ๚ฝภดฯดู. 
210 วเ: grdDataภว SubtotalPosition ผำผบ ภฬธงภฬ ภ฿ธ๘ตวพ๚ฝภดฯดู. 
211 วเ: grdDataภว OutlineBar ผำผบ ภฬธงภฬ ภ฿ธ๘ตวพ๚ฝภดฯดู. 
212 วเ: grdDataภว OutlineCol ผำผบ ภฬธงภฬ ภ฿ธ๘ตวพ๚ฝภดฯดู. 
213 วเ: grdDataภว Ellipsis ผำผบ ภฬธงภฬ ภ฿ธ๘ตวพ๚ฝภดฯดู. 
214 วเ: grdDataภว ExplorerBar ผำผบ ภฬธงภฬ ภ฿ธ๘ตวพ๚ฝภดฯดู. 
215 วเ: grdDataภว PicturesOver ผำผบ ภฬธงภฬ ภ฿ธ๘ตวพ๚ฝภดฯดู. 
218 วเ: grdDataภว PictureType ผำผบ ภฬธงภฬ ภ฿ธ๘ตวพ๚ฝภดฯดู. 
219 วเ: grdDataภว TabBehavior ผำผบ ภฬธงภฬ ภ฿ธ๘ตวพ๚ฝภดฯดู. 
220 วเ: grdDataภว OwnerDraw ผำผบ ภฬธงภฬ ภ฿ธ๘ตวพ๚ฝภดฯดู. 
221 วเ: grdDataภว Editable ผำผบ ภฬธงภฬ ภ฿ธ๘ตวพ๚ฝภดฯดู. 
222 วเ: grdDataภว ShowComboButton ผำผบ ภฬธงภฬ ภ฿ธ๘ตวพ๚ฝภดฯดู. 
223 วเ: grdDataภว WordWrap ผำผบ ภฬธงภฬ ภ฿ธ๘ตวพ๚ฝภดฯดู. 
224 วเ: grdDataภว TextStyle ผำผบ ภฬธงภฬ ภ฿ธ๘ตวพ๚ฝภดฯดู. 
225 วเ: grdDataภว TextStyleFixed ผำผบ ภฬธงภฬ ภ฿ธ๘ตวพ๚ฝภดฯดู. 
228 วเ: grdDataภว ComboSearch ผำผบ ภฬธงภฬ ภ฿ธ๘ตวพ๚ฝภดฯดู. 
229 วเ: grdDataภว AutoSizeMouse ผำผบ ภฬธงภฬ ภ฿ธ๘ตวพ๚ฝภดฯดู. 
230 วเ: grdDataภว FrozenRows ผำผบ ภฬธงภฬ ภ฿ธ๘ตวพ๚ฝภดฯดู. 
231 วเ: grdDataภว FrozenCols ผำผบ ภฬธงภฬ ภ฿ธ๘ตวพ๚ฝภดฯดู. 
232 วเ: grdDataภว AllowUserFreezing ผำผบ ภฬธงภฬ ภ฿ธ๘ตวพ๚ฝภดฯดู. 
233 วเ: grdDataภว BackColorFrozen ผำผบ ภฬธงภฬ ภ฿ธ๘ตวพ๚ฝภดฯดู. 
234 วเ: grdDataภว ForeColorFrozen ผำผบ ภฬธงภฬ ภ฿ธ๘ตวพ๚ฝภดฯดู. 
235 วเ: grdDataภว WallPaperAlignment ผำผบ ภฬธงภฬ ภ฿ธ๘ตวพ๚ฝภดฯดู. 
243 วเ: frmSearchภว _ExtentX ผำผบ ภฬธงภฬ ภ฿ธ๘ตวพ๚ฝภดฯดู. 
244 วเ: frmSearchภว _ExtentY ผำผบ ภฬธงภฬ ภ฿ธ๘ตวพ๚ฝภดฯดู. 
245 วเ: frmSearchภว _Version ผำผบ ภฬธงภฬ ภ฿ธ๘ตวพ๚ฝภดฯดู. 
286 วเ: pnlCaptionภว _ExtentX ผำผบ ภฬธงภฬ ภ฿ธ๘ตวพ๚ฝภดฯดู. 
287 วเ: pnlCaptionภว _ExtentY ผำผบ ภฬธงภฬ ภ฿ธ๘ตวพ๚ฝภดฯดู. 
288 วเ: pnlCaptionภว _Version ผำผบ ภฬธงภฬ ภ฿ธ๘ตวพ๚ฝภดฯดู. 
289 วเ: pnlCaptionภว RoundedCorners ผำผบ ภฬธงภฬ ภ฿ธ๘ตวพ๚ฝภดฯดู. 
290 วเ: pnlCaptionภว FloodShowPct ผำผบ ภฬธงภฬ ภ฿ธ๘ตวพ๚ฝภดฯดู. 
309 วเ: cmdFindภว _ExtentX ผำผบ ภฬธงภฬ ภ฿ธ๘ตวพ๚ฝภดฯดู. 
310 วเ: cmdFindภว _ExtentY ผำผบ ภฬธงภฬ ภ฿ธ๘ตวพ๚ฝภดฯดู. 
311 วเ: cmdFindภว _Version ผำผบ ภฬธงภฬ ภ฿ธ๘ตวพ๚ฝภดฯดู. 
312 วเ: cmdFindภว ButtonStyle ผำผบ ภฬธงภฬ ภ฿ธ๘ตวพ๚ฝภดฯดู. 
313 วเ: cmdFindภว Outline ผำผบ ภฬธงภฬ ภ฿ธ๘ตวพ๚ฝภดฯดู. 
322 วเ: pnlCaptionภว _ExtentX ผำผบ ภฬธงภฬ ภ฿ธ๘ตวพ๚ฝภดฯดู. 
323 วเ: pnlCaptionภว _ExtentY ผำผบ ภฬธงภฬ ภ฿ธ๘ตวพ๚ฝภดฯดู. 
324 วเ: pnlCaptionภว _Version ผำผบ ภฬธงภฬ ภ฿ธ๘ตวพ๚ฝภดฯดู. 
334 วเ: pnlCaptionภว RoundedCorners ผำผบ ภฬธงภฬ ภ฿ธ๘ตวพ๚ฝภดฯดู. 
335 วเ: pnlCaptionภว FloodShowPct ผำผบ ภฬธงภฬ ภ฿ธ๘ตวพ๚ฝภดฯดู. 
354 วเ: cmdFindภว _ExtentX ผำผบ ภฬธงภฬ ภ฿ธ๘ตวพ๚ฝภดฯดู. 
355 วเ: cmdFindภว _ExtentY ผำผบ ภฬธงภฬ ภ฿ธ๘ตวพ๚ฝภดฯดู. 
356 วเ: cmdFindภว _Version ผำผบ ภฬธงภฬ ภ฿ธ๘ตวพ๚ฝภดฯดู. 
366 วเ: cmdFindภว ButtonStyle ผำผบ ภฬธงภฬ ภ฿ธ๘ตวพ๚ฝภดฯดู. 
367 วเ: cmdFindภว Outline ผำผบ ภฬธงภฬ ภ฿ธ๘ตวพ๚ฝภดฯดู. 
376 วเ: pnlCaptionภว _ExtentX ผำผบ ภฬธงภฬ ภ฿ธ๘ตวพ๚ฝภดฯดู. 
377 วเ: pnlCaptionภว _ExtentY ผำผบ ภฬธงภฬ ภ฿ธ๘ตวพ๚ฝภดฯดู. 
378 วเ: pnlCaptionภว _Version ผำผบ ภฬธงภฬ ภ฿ธ๘ตวพ๚ฝภดฯดู. 
379 วเ: pnlCaptionภว Caption ผำผบ ภฬธงภฬ ภ฿ธ๘ตวพ๚ฝภดฯดู. 
380 วเ: pnlCaptionภว RoundedCorners ผำผบ ภฬธงภฬ ภ฿ธ๘ตวพ๚ฝภดฯดู. 
381 วเ: pnlCaptionภว FloodShowPct ผำผบ ภฬธงภฬ ภ฿ธ๘ตวพ๚ฝภดฯดู. 
390 วเ: pnlCaptionภว _ExtentX ผำผบ ภฬธงภฬ ภ฿ธ๘ตวพ๚ฝภดฯดู. 
391 วเ: pnlCaptionภว _ExtentY ผำผบ ภฬธงภฬ ภ฿ธ๘ตวพ๚ฝภดฯดู. 
392 วเ: pnlCaptionภว _Version ผำผบ ภฬธงภฬ ภ฿ธ๘ตวพ๚ฝภดฯดู. 
393 วเ: pnlCaptionภว RoundedCorners ผำผบ ภฬธงภฬ ภ฿ธ๘ตวพ๚ฝภดฯดู. 
394 วเ: pnlCaptionภว FloodShowPct ผำผบ ภฬธงภฬ ภ฿ธ๘ตวพ๚ฝภดฯดู. 
413 วเ: cmdFindภว _ExtentX ผำผบ ภฬธงภฬ ภ฿ธ๘ตวพ๚ฝภดฯดู. 
414 วเ: cmdFindภว _ExtentY ผำผบ ภฬธงภฬ ภ฿ธ๘ตวพ๚ฝภดฯดู. 
415 วเ: cmdFindภว _Version ผำผบ ภฬธงภฬ ภ฿ธ๘ตวพ๚ฝภดฯดู. 
416 วเ: cmdFindภว ButtonStyle ผำผบ ภฬธงภฬ ภ฿ธ๘ตวพ๚ฝภดฯดู. 
417 วเ: cmdFindภว Outline ผำผบ ภฬธงภฬ ภ฿ธ๘ตวพ๚ฝภดฯดู. 
425 วเ: cmdSearchภว _ExtentX ผำผบ ภฬธงภฬ ภ฿ธ๘ตวพ๚ฝภดฯดู. 
426 วเ: cmdSearchภว _ExtentY ผำผบ ภฬธงภฬ ภ฿ธ๘ตวพ๚ฝภดฯดู. 
427 วเ: cmdSearchภว _Version ผำผบ ภฬธงภฬ ภ฿ธ๘ตวพ๚ฝภดฯดู. 
428 วเ: cmdSearchภว Caption ผำผบ ภฬธงภฬ ภ฿ธ๘ตวพ๚ฝภดฯดู. 
429 วเ: cmdSearchภว PictureAlignment ผำผบ ภฬธงภฬ ภ฿ธ๘ตวพ๚ฝภดฯดู. 
430 วเ: cmdSearchภว RoundedCorners ผำผบ ภฬธงภฬ ภ฿ธ๘ตวพ๚ฝภดฯดู. 
441 วเ: cmdPrintภว _ExtentX ผำผบ ภฬธงภฬ ภ฿ธ๘ตวพ๚ฝภดฯดู. 
442 วเ: cmdPrintภว _ExtentY ผำผบ ภฬธงภฬ ภ฿ธ๘ตวพ๚ฝภดฯดู. 
443 วเ: cmdPrintภว _Version ผำผบ ภฬธงภฬ ภ฿ธ๘ตวพ๚ฝภดฯดู. 
444 วเ: cmdPrintภว Caption ผำผบ ภฬธงภฬ ภ฿ธ๘ตวพ๚ฝภดฯดู. 
445 วเ: cmdPrintภว PictureAlignment ผำผบ ภฬธงภฬ ภ฿ธ๘ตวพ๚ฝภดฯดู. 
446 วเ: cmdPrintภว RoundedCorners ผำผบ ภฬธงภฬ ภ฿ธ๘ตวพ๚ฝภดฯดู. 
454 วเ: cmdExitภว _ExtentX ผำผบ ภฬธงภฬ ภ฿ธ๘ตวพ๚ฝภดฯดู. 
455 วเ: cmdExitภว _ExtentY ผำผบ ภฬธงภฬ ภ฿ธ๘ตวพ๚ฝภดฯดู. 
456 วเ: cmdExitภว _Version ผำผบ ภฬธงภฬ ภ฿ธ๘ตวพ๚ฝภดฯดู. 
457 วเ: cmdExitภว Caption ผำผบ ภฬธงภฬ ภ฿ธ๘ตวพ๚ฝภดฯดู. 
458 วเ: cmdExitภว PictureAlignment ผำผบ ภฬธงภฬ ภ฿ธ๘ตวพ๚ฝภดฯดู. 
459 วเ: cmdExitภว RoundedCorners ผำผบ ภฬธงภฬ ภ฿ธ๘ตวพ๚ฝภดฯดู. 
469 วเ: grdDataภว _cx ผำผบ ภฬธงภฬ ภ฿ธ๘ตวพ๚ฝภดฯดู. 
470 วเ: grdDataภว _cy ผำผบ ภฬธงภฬ ภ฿ธ๘ตวพ๚ฝภดฯดู. 
471 วเ: grdDataภว _ConvInfo ผำผบ ภฬธงภฬ ภ฿ธ๘ตวพ๚ฝภดฯดู. 
487 วเ: grdDataภว BackColorFixed ผำผบ ภฬธงภฬ ภ฿ธ๘ตวพ๚ฝภดฯดู. 
488 วเ: grdDataภว ForeColorFixed ผำผบ ภฬธงภฬ ภ฿ธ๘ตวพ๚ฝภดฯดู. 
489 วเ: grdDataภว BackColorSel ผำผบ ภฬธงภฬ ภ฿ธ๘ตวพ๚ฝภดฯดู. 
490 วเ: grdDataภว ForeColorSel ผำผบ ภฬธงภฬ ภ฿ธ๘ตวพ๚ฝภดฯดู. 
491 วเ: grdDataภว BackColorBkg ผำผบ ภฬธงภฬ ภ฿ธ๘ตวพ๚ฝภดฯดู. 
492 วเ: grdDataภว BackColorAlternate ผำผบ ภฬธงภฬ ภ฿ธ๘ตวพ๚ฝภดฯดู. 
493 วเ: grdDataภว GridColor ผำผบ ภฬธงภฬ ภ฿ธ๘ตวพ๚ฝภดฯดู. 
494 วเ: grdDataภว GridColorFixed ผำผบ ภฬธงภฬ ภ฿ธ๘ตวพ๚ฝภดฯดู. 
495 วเ: grdDataภว TreeColor ผำผบ ภฬธงภฬ ภ฿ธ๘ตวพ๚ฝภดฯดู. 
496 วเ: grdDataภว FloodColor ผำผบ ภฬธงภฬ ภ฿ธ๘ตวพ๚ฝภดฯดู. 
497 วเ: grdDataภว SheetBorder ผำผบ ภฬธงภฬ ภ฿ธ๘ตวพ๚ฝภดฯดู. 
498 วเ: grdDataภว FocusRect ผำผบ ภฬธงภฬ ภ฿ธ๘ตวพ๚ฝภดฯดู. 
499 วเ: grdDataภว HighLight ผำผบ ภฬธงภฬ ภ฿ธ๘ตวพ๚ฝภดฯดู. 
500 วเ: grdDataภว AllowSelection ผำผบ ภฬธงภฬ ภ฿ธ๘ตวพ๚ฝภดฯดู. 
501 วเ: grdDataภว AllowBigSelection ผำผบ ภฬธงภฬ ภ฿ธ๘ตวพ๚ฝภดฯดู. 
502 วเ: grdDataภว AllowUserResizing ผำผบ ภฬธงภฬ ภ฿ธ๘ตวพ๚ฝภดฯดู. 
503 วเ: grdDataภว SelectionMode ผำผบ ภฬธงภฬ ภ฿ธ๘ตวพ๚ฝภดฯดู. 
504 วเ: grdDataภว GridLines ผำผบ ภฬธงภฬ ภ฿ธ๘ตวพ๚ฝภดฯดู. 
505 วเ: grdDataภว GridLinesFixed ผำผบ ภฬธงภฬ ภ฿ธ๘ตวพ๚ฝภดฯดู. 
506 วเ: grdDataภว GridLineWidth ผำผบ ภฬธงภฬ ภ฿ธ๘ตวพ๚ฝภดฯดู. 
507 วเ: grdDataภว Rows ผำผบ ภฬธงภฬ ภ฿ธ๘ตวพ๚ฝภดฯดู. 
508 วเ: grdDataภว Cols ผำผบ ภฬธงภฬ ภ฿ธ๘ตวพ๚ฝภดฯดู. 
509 วเ: grdDataภว FixedRows ผำผบ ภฬธงภฬ ภ฿ธ๘ตวพ๚ฝภดฯดู. 
510 วเ: grdDataภว FixedCols ผำผบ ภฬธงภฬ ภ฿ธ๘ตวพ๚ฝภดฯดู. 
511 วเ: grdDataภว RowHeightMin ผำผบ ภฬธงภฬ ภ฿ธ๘ตวพ๚ฝภดฯดู. 
512 วเ: grdDataภว RowHeightMax ผำผบ ภฬธงภฬ ภ฿ธ๘ตวพ๚ฝภดฯดู. 
513 วเ: grdDataภว ColWidthMin ผำผบ ภฬธงภฬ ภ฿ธ๘ตวพ๚ฝภดฯดู. 
514 วเ: grdDataภว ColWidthMax ผำผบ ภฬธงภฬ ภ฿ธ๘ตวพ๚ฝภดฯดู. 
515 วเ: grdDataภว ExtendLastCol ผำผบ ภฬธงภฬ ภ฿ธ๘ตวพ๚ฝภดฯดู. 
516 วเ: grdDataภว FormatString ผำผบ ภฬธงภฬ ภ฿ธ๘ตวพ๚ฝภดฯดู. 
517 วเ: grdDataภว ScrollTrack ผำผบ ภฬธงภฬ ภ฿ธ๘ตวพ๚ฝภดฯดู. 
518 วเ: grdDataภว ScrollBars ผำผบ ภฬธงภฬ ภ฿ธ๘ตวพ๚ฝภดฯดู. 
519 วเ: grdDataภว ScrollTips ผำผบ ภฬธงภฬ ภ฿ธ๘ตวพ๚ฝภดฯดู. 
520 วเ: grdDataภว MergeCells ผำผบ ภฬธงภฬ ภ฿ธ๘ตวพ๚ฝภดฯดู. 
521 วเ: grdDataภว MergeCompare ผำผบ ภฬธงภฬ ภ฿ธ๘ตวพ๚ฝภดฯดู. 
522 วเ: grdDataภว AutoResize ผำผบ ภฬธงภฬ ภ฿ธ๘ตวพ๚ฝภดฯดู. 
523 วเ: grdDataภว AutoSizeMode ผำผบ ภฬธงภฬ ภ฿ธ๘ตวพ๚ฝภดฯดู. 
524 วเ: grdDataภว AutoSearch ผำผบ ภฬธงภฬ ภ฿ธ๘ตวพ๚ฝภดฯดู. 
525 วเ: grdDataภว AutoSearchDelay ผำผบ ภฬธงภฬ ภ฿ธ๘ตวพ๚ฝภดฯดู. 
526 วเ: grdDataภว MultiTotals ผำผบ ภฬธงภฬ ภ฿ธ๘ตวพ๚ฝภดฯดู. 
527 วเ: grdDataภว SubtotalPosition ผำผบ ภฬธงภฬ ภ฿ธ๘ตวพ๚ฝภดฯดู. 
528 วเ: grdDataภว OutlineBar ผำผบ ภฬธงภฬ ภ฿ธ๘ตวพ๚ฝภดฯดู. 
529 วเ: grdDataภว OutlineCol ผำผบ ภฬธงภฬ ภ฿ธ๘ตวพ๚ฝภดฯดู. 
530 วเ: grdDataภว Ellipsis ผำผบ ภฬธงภฬ ภ฿ธ๘ตวพ๚ฝภดฯดู. 
531 วเ: grdDataภว ExplorerBar ผำผบ ภฬธงภฬ ภ฿ธ๘ตวพ๚ฝภดฯดู. 
532 วเ: grdDataภว PicturesOver ผำผบ ภฬธงภฬ ภ฿ธ๘ตวพ๚ฝภดฯดู. 
535 วเ: grdDataภว PictureType ผำผบ ภฬธงภฬ ภ฿ธ๘ตวพ๚ฝภดฯดู. 
536 วเ: grdDataภว TabBehavior ผำผบ ภฬธงภฬ ภ฿ธ๘ตวพ๚ฝภดฯดู. 
537 วเ: grdDataภว OwnerDraw ผำผบ ภฬธงภฬ ภ฿ธ๘ตวพ๚ฝภดฯดู. 
538 วเ: grdDataภว Editable ผำผบ ภฬธงภฬ ภ฿ธ๘ตวพ๚ฝภดฯดู. 
539 วเ: grdDataภว ShowComboButton ผำผบ ภฬธงภฬ ภ฿ธ๘ตวพ๚ฝภดฯดู. 
540 วเ: grdDataภว WordWrap ผำผบ ภฬธงภฬ ภ฿ธ๘ตวพ๚ฝภดฯดู. 
541 วเ: grdDataภว TextStyle ผำผบ ภฬธงภฬ ภ฿ธ๘ตวพ๚ฝภดฯดู. 
542 วเ: grdDataภว TextStyleFixed ผำผบ ภฬธงภฬ ภ฿ธ๘ตวพ๚ฝภดฯดู. 
545 วเ: grdDataภว ComboSearch ผำผบ ภฬธงภฬ ภ฿ธ๘ตวพ๚ฝภดฯดู. 
546 วเ: grdDataภว AutoSizeMouse ผำผบ ภฬธงภฬ ภ฿ธ๘ตวพ๚ฝภดฯดู. 
547 วเ: grdDataภว FrozenRows ผำผบ ภฬธงภฬ ภ฿ธ๘ตวพ๚ฝภดฯดู. 
548 วเ: grdDataภว FrozenCols ผำผบ ภฬธงภฬ ภ฿ธ๘ตวพ๚ฝภดฯดู. 
549 วเ: grdDataภว AllowUserFreezing ผำผบ ภฬธงภฬ ภ฿ธ๘ตวพ๚ฝภดฯดู. 
550 วเ: grdDataภว BackColorFrozen ผำผบ ภฬธงภฬ ภ฿ธ๘ตวพ๚ฝภดฯดู. 
551 วเ: grdDataภว ForeColorFrozen ผำผบ ภฬธงภฬ ภ฿ธ๘ตวพ๚ฝภดฯดู. 
552 วเ: grdDataภว WallPaperAlignment ผำผบ ภฬธงภฬ ภ฿ธ๘ตวพ๚ฝภดฯดู. 
